ARM GAS  C:\cygwin64\tmp\cc4J37Jt.s 			page 1


   1              		.cpu cortex-m4
   2              		.eabi_attribute 27, 1
   3              		.eabi_attribute 28, 1
   4              		.eabi_attribute 20, 1
   5              		.eabi_attribute 21, 1
   6              		.eabi_attribute 23, 3
   7              		.eabi_attribute 24, 1
   8              		.eabi_attribute 25, 1
   9              		.eabi_attribute 26, 1
  10              		.eabi_attribute 30, 1
  11              		.eabi_attribute 34, 1
  12              		.eabi_attribute 18, 4
  13              		.file	"ff_gen_drv.c"
  14              		.text
  15              	.Ltext0:
  16              		.cfi_sections	.debug_frame
  17              		.section	.text.FATFS_LinkDriverEx,"ax",%progbits
  18              		.align	1
  19              		.global	FATFS_LinkDriverEx
  20              		.arch armv7e-m
  21              		.syntax unified
  22              		.thumb
  23              		.thumb_func
  24              		.fpu fpv4-sp-d16
  26              	FATFS_LinkDriverEx:
  27              	.LVL0:
  28              	.LFB939:
  29              		.file 1 "./FW/ff_gen_drv.c"
   1:./FW/ff_gen_drv.c **** /**
   2:./FW/ff_gen_drv.c ****   ******************************************************************************
   3:./FW/ff_gen_drv.c ****   * @file    ff_gen_drv.c
   4:./FW/ff_gen_drv.c ****   * @author  MCD Application Team
   5:./FW/ff_gen_drv.c ****   * @brief   FatFs generic low level driver.
   6:./FW/ff_gen_drv.c ****   *****************************************************************************
   7:./FW/ff_gen_drv.c ****   * @attention
   8:./FW/ff_gen_drv.c ****   *
   9:./FW/ff_gen_drv.c ****   * Copyright (c) 2017 STMicroelectronics. All rights reserved.
  10:./FW/ff_gen_drv.c ****   *
  11:./FW/ff_gen_drv.c ****   * This software component is licensed by ST under BSD 3-Clause license,
  12:./FW/ff_gen_drv.c ****   * the "License"; You may not use this file except in compliance with the
  13:./FW/ff_gen_drv.c ****   * License. You may obtain a copy of the License at:
  14:./FW/ff_gen_drv.c ****   *                       opensource.org/licenses/BSD-3-Clause
  15:./FW/ff_gen_drv.c ****   *
  16:./FW/ff_gen_drv.c ****   ******************************************************************************
  17:./FW/ff_gen_drv.c **** **/
  18:./FW/ff_gen_drv.c **** /* Includes ------------------------------------------------------------------*/
  19:./FW/ff_gen_drv.c **** #include "ff_gen_drv.h"
  20:./FW/ff_gen_drv.c **** 
  21:./FW/ff_gen_drv.c **** /* Private typedef -----------------------------------------------------------*/
  22:./FW/ff_gen_drv.c **** /* Private define ------------------------------------------------------------*/
  23:./FW/ff_gen_drv.c **** /* Private variables ---------------------------------------------------------*/
  24:./FW/ff_gen_drv.c **** Disk_drvTypeDef disk = {{0}, {0}, {0}, 0};
  25:./FW/ff_gen_drv.c **** 
  26:./FW/ff_gen_drv.c **** /* Private function prototypes -----------------------------------------------*/
  27:./FW/ff_gen_drv.c **** /* Private functions ---------------------------------------------------------*/
  28:./FW/ff_gen_drv.c **** 
  29:./FW/ff_gen_drv.c **** /**
ARM GAS  C:\cygwin64\tmp\cc4J37Jt.s 			page 2


  30:./FW/ff_gen_drv.c ****   * @brief  Links a compatible diskio driver/lun id and increments the number of active
  31:./FW/ff_gen_drv.c ****   *         linked drivers.
  32:./FW/ff_gen_drv.c ****   * @note   The number of linked drivers (volumes) is up to 10 due to FatFs limits.
  33:./FW/ff_gen_drv.c ****   * @param  drv: pointer to the disk IO Driver structure
  34:./FW/ff_gen_drv.c ****   * @param  path: pointer to the logical drive path
  35:./FW/ff_gen_drv.c ****   * @param  lun : only used for USB Key Disk to add multi-lun management
  36:./FW/ff_gen_drv.c ****             else the parameter must be equal to 0
  37:./FW/ff_gen_drv.c ****   * @retval Returns 0 in case of success, otherwise 1.
  38:./FW/ff_gen_drv.c ****   */
  39:./FW/ff_gen_drv.c **** uint8_t FATFS_LinkDriverEx(const Diskio_drvTypeDef *drv, char *path, uint8_t lun) {
  30              		.loc 1 39 83 view -0
  31              		.cfi_startproc
  32              		@ args = 0, pretend = 0, frame = 0
  33              		@ frame_needed = 0, uses_anonymous_args = 0
  34              		@ link register save eliminated.
  40:./FW/ff_gen_drv.c ****     uint8_t ret = 1;
  35              		.loc 1 40 5 view .LVU1
  41:./FW/ff_gen_drv.c ****     uint8_t DiskNum = 0;
  36              		.loc 1 41 5 view .LVU2
  42:./FW/ff_gen_drv.c **** 
  43:./FW/ff_gen_drv.c ****     if(disk.nbr < _VOLUMES) {
  37              		.loc 1 43 5 view .LVU3
  38              		.loc 1 43 12 is_stmt 0 view .LVU4
  39 0000 104B     		ldr	r3, .L8
  40 0002 5B7A     		ldrb	r3, [r3, #9]	@ zero_extendqisi2
  41              		.loc 1 43 7 view .LVU5
  42 0004 E3B9     		cbnz	r3, .L3
  39:./FW/ff_gen_drv.c ****     uint8_t ret = 1;
  43              		.loc 1 39 83 view .LVU6
  44 0006 70B4     		push	{r4, r5, r6}
  45              	.LCFI0:
  46              		.cfi_def_cfa_offset 12
  47              		.cfi_offset 4, -12
  48              		.cfi_offset 5, -8
  49              		.cfi_offset 6, -4
  50 0008 0446     		mov	r4, r0
  51 000a 03F0FF00 		and	r0, r3, #255
  52              	.LVL1:
  44:./FW/ff_gen_drv.c ****         disk.is_initialized[disk.nbr] = 0;
  53              		.loc 1 44 9 is_stmt 1 view .LVU7
  54              		.loc 1 44 33 is_stmt 0 view .LVU8
  55 000e 0D4B     		ldr	r3, .L8
  56 0010 5D7A     		ldrb	r5, [r3, #9]	@ zero_extendqisi2
  57 0012 EDB2     		uxtb	r5, r5
  58              		.loc 1 44 39 view .LVU9
  59 0014 0026     		movs	r6, #0
  60 0016 5E55     		strb	r6, [r3, r5]
  45:./FW/ff_gen_drv.c ****         disk.drv[disk.nbr] = drv;
  61              		.loc 1 45 9 is_stmt 1 view .LVU10
  62              		.loc 1 45 22 is_stmt 0 view .LVU11
  63 0018 5D7A     		ldrb	r5, [r3, #9]	@ zero_extendqisi2
  64              		.loc 1 45 28 view .LVU12
  65 001a 03EB8505 		add	r5, r3, r5, lsl #2
  66 001e 6C60     		str	r4, [r5, #4]
  46:./FW/ff_gen_drv.c ****         disk.lun[disk.nbr] = lun;
  67              		.loc 1 46 9 is_stmt 1 view .LVU13
  68              		.loc 1 46 22 is_stmt 0 view .LVU14
ARM GAS  C:\cygwin64\tmp\cc4J37Jt.s 			page 3


  69 0020 5C7A     		ldrb	r4, [r3, #9]	@ zero_extendqisi2
  70              	.LVL2:
  71              		.loc 1 46 28 view .LVU15
  72 0022 1C44     		add	r4, r4, r3
  73 0024 2272     		strb	r2, [r4, #8]
  47:./FW/ff_gen_drv.c ****         DiskNum = disk.nbr++;
  74              		.loc 1 47 9 is_stmt 1 view .LVU16
  75              		.loc 1 47 23 is_stmt 0 view .LVU17
  76 0026 5A7A     		ldrb	r2, [r3, #9]	@ zero_extendqisi2
  77              	.LVL3:
  78              		.loc 1 47 27 view .LVU18
  79 0028 541C     		adds	r4, r2, #1
  80              	.LVL4:
  81              		.loc 1 47 27 view .LVU19
  82 002a E4B2     		uxtb	r4, r4
  83 002c 5C72     		strb	r4, [r3, #9]
  84              	.LVL5:
  48:./FW/ff_gen_drv.c ****         path[0] = DiskNum + '0';
  85              		.loc 1 48 9 is_stmt 1 view .LVU20
  86              		.loc 1 48 27 is_stmt 0 view .LVU21
  87 002e 3032     		adds	r2, r2, #48
  88              	.LVL6:
  89              		.loc 1 48 17 view .LVU22
  90 0030 0A70     		strb	r2, [r1]
  91              	.LVL7:
  49:./FW/ff_gen_drv.c ****         path[1] = ':';
  92              		.loc 1 49 9 is_stmt 1 view .LVU23
  93              		.loc 1 49 17 is_stmt 0 view .LVU24
  94 0032 3A23     		movs	r3, #58
  95 0034 4B70     		strb	r3, [r1, #1]
  50:./FW/ff_gen_drv.c ****         path[2] = '/';
  96              		.loc 1 50 9 is_stmt 1 view .LVU25
  97              		.loc 1 50 17 is_stmt 0 view .LVU26
  98 0036 2F23     		movs	r3, #47
  99 0038 8B70     		strb	r3, [r1, #2]
  51:./FW/ff_gen_drv.c ****         path[3] = 0;
 100              		.loc 1 51 9 is_stmt 1 view .LVU27
 101              		.loc 1 51 17 is_stmt 0 view .LVU28
 102 003a CE70     		strb	r6, [r1, #3]
  52:./FW/ff_gen_drv.c ****         ret = 0;
 103              		.loc 1 52 9 is_stmt 1 view .LVU29
 104              	.LVL8:
  53:./FW/ff_gen_drv.c ****     }
  54:./FW/ff_gen_drv.c **** 
  55:./FW/ff_gen_drv.c ****     return ret;
 105              		.loc 1 55 5 view .LVU30
  56:./FW/ff_gen_drv.c **** }
 106              		.loc 1 56 1 is_stmt 0 view .LVU31
 107 003c 70BC     		pop	{r4, r5, r6}
 108              	.LCFI1:
 109              		.cfi_restore 6
 110              		.cfi_restore 5
 111              		.cfi_restore 4
 112              		.cfi_def_cfa_offset 0
 113 003e 7047     		bx	lr
 114              	.LVL9:
 115              	.L3:
ARM GAS  C:\cygwin64\tmp\cc4J37Jt.s 			page 4


  40:./FW/ff_gen_drv.c ****     uint8_t DiskNum = 0;
 116              		.loc 1 40 13 view .LVU32
 117 0040 0120     		movs	r0, #1
 118              	.LVL10:
  55:./FW/ff_gen_drv.c **** }
 119              		.loc 1 55 5 is_stmt 1 view .LVU33
 120              		.loc 1 56 1 is_stmt 0 view .LVU34
 121 0042 7047     		bx	lr
 122              	.L9:
 123              		.align	2
 124              	.L8:
 125 0044 00000000 		.word	.LANCHOR0
 126              		.cfi_endproc
 127              	.LFE939:
 129              		.section	.text.FATFS_LinkDriver,"ax",%progbits
 130              		.align	1
 131              		.global	FATFS_LinkDriver
 132              		.syntax unified
 133              		.thumb
 134              		.thumb_func
 135              		.fpu fpv4-sp-d16
 137              	FATFS_LinkDriver:
 138              	.LVL11:
 139              	.LFB940:
  57:./FW/ff_gen_drv.c **** 
  58:./FW/ff_gen_drv.c **** /**
  59:./FW/ff_gen_drv.c ****   * @brief  Links a compatible diskio driver and increments the number of active
  60:./FW/ff_gen_drv.c ****   *         linked drivers.
  61:./FW/ff_gen_drv.c ****   * @note   The number of linked drivers (volumes) is up to 10 due to FatFs limits
  62:./FW/ff_gen_drv.c ****   * @param  drv: pointer to the disk IO Driver structure
  63:./FW/ff_gen_drv.c ****   * @param  path: pointer to the logical drive path
  64:./FW/ff_gen_drv.c ****   * @retval Returns 0 in case of success, otherwise 1.
  65:./FW/ff_gen_drv.c ****   */
  66:./FW/ff_gen_drv.c **** uint8_t FATFS_LinkDriver(const Diskio_drvTypeDef *drv, char *path) {
 140              		.loc 1 66 68 is_stmt 1 view -0
 141              		.cfi_startproc
 142              		@ args = 0, pretend = 0, frame = 0
 143              		@ frame_needed = 0, uses_anonymous_args = 0
 144              		.loc 1 66 68 is_stmt 0 view .LVU36
 145 0000 08B5     		push	{r3, lr}
 146              	.LCFI2:
 147              		.cfi_def_cfa_offset 8
 148              		.cfi_offset 3, -8
 149              		.cfi_offset 14, -4
  67:./FW/ff_gen_drv.c ****     return FATFS_LinkDriverEx(drv, path, 0);
 150              		.loc 1 67 5 is_stmt 1 view .LVU37
 151              		.loc 1 67 12 is_stmt 0 view .LVU38
 152 0002 0022     		movs	r2, #0
 153 0004 FFF7FEFF 		bl	FATFS_LinkDriverEx
 154              	.LVL12:
  68:./FW/ff_gen_drv.c **** }
 155              		.loc 1 68 1 view .LVU39
 156 0008 08BD     		pop	{r3, pc}
 157              		.cfi_endproc
 158              	.LFE940:
 160              		.section	.text.FATFS_UnLinkDriverEx,"ax",%progbits
 161              		.align	1
ARM GAS  C:\cygwin64\tmp\cc4J37Jt.s 			page 5


 162              		.global	FATFS_UnLinkDriverEx
 163              		.syntax unified
 164              		.thumb
 165              		.thumb_func
 166              		.fpu fpv4-sp-d16
 168              	FATFS_UnLinkDriverEx:
 169              	.LVL13:
 170              	.LFB941:
  69:./FW/ff_gen_drv.c **** 
  70:./FW/ff_gen_drv.c **** /**
  71:./FW/ff_gen_drv.c ****   * @brief  Unlinks a diskio driver and decrements the number of active linked
  72:./FW/ff_gen_drv.c ****   *         drivers.
  73:./FW/ff_gen_drv.c ****   * @param  path: pointer to the logical drive path
  74:./FW/ff_gen_drv.c ****   * @param  lun : not used
  75:./FW/ff_gen_drv.c ****   * @retval Returns 0 in case of success, otherwise 1.
  76:./FW/ff_gen_drv.c ****   */
  77:./FW/ff_gen_drv.c **** uint8_t FATFS_UnLinkDriverEx(char *path, uint8_t lun) {
 171              		.loc 1 77 55 is_stmt 1 view -0
 172              		.cfi_startproc
 173              		@ args = 0, pretend = 0, frame = 0
 174              		@ frame_needed = 0, uses_anonymous_args = 0
 175              		@ link register save eliminated.
  78:./FW/ff_gen_drv.c ****     uint8_t DiskNum = 0;
 176              		.loc 1 78 5 view .LVU41
  79:./FW/ff_gen_drv.c ****     uint8_t ret = 1;
 177              		.loc 1 79 5 view .LVU42
  80:./FW/ff_gen_drv.c **** 
  81:./FW/ff_gen_drv.c ****     if(disk.nbr >= 1) {
 178              		.loc 1 81 5 view .LVU43
 179              		.loc 1 81 12 is_stmt 0 view .LVU44
 180 0000 0D4B     		ldr	r3, .L16
 181 0002 5B7A     		ldrb	r3, [r3, #9]	@ zero_extendqisi2
 182              		.loc 1 81 7 view .LVU45
 183 0004 9BB1     		cbz	r3, .L14
  82:./FW/ff_gen_drv.c ****         DiskNum = path[0] - '0';
 184              		.loc 1 82 9 is_stmt 1 view .LVU46
 185              		.loc 1 82 23 is_stmt 0 view .LVU47
 186 0006 0378     		ldrb	r3, [r0]	@ zero_extendqisi2
 187              		.loc 1 82 17 view .LVU48
 188 0008 303B     		subs	r3, r3, #48
 189 000a DBB2     		uxtb	r3, r3
 190              	.LVL14:
  83:./FW/ff_gen_drv.c ****         if(disk.drv[DiskNum] != 0) {
 191              		.loc 1 83 9 is_stmt 1 view .LVU49
 192              		.loc 1 83 20 is_stmt 0 view .LVU50
 193 000c 0A4A     		ldr	r2, .L16
 194 000e 02EB8302 		add	r2, r2, r3, lsl #2
 195 0012 5268     		ldr	r2, [r2, #4]
 196              		.loc 1 83 11 view .LVU51
 197 0014 6AB1     		cbz	r2, .L15
  84:./FW/ff_gen_drv.c ****             disk.drv[DiskNum] = 0;
 198              		.loc 1 84 13 is_stmt 1 view .LVU52
 199              		.loc 1 84 31 is_stmt 0 view .LVU53
 200 0016 084A     		ldr	r2, .L16
 201 0018 02EB8301 		add	r1, r2, r3, lsl #2
 202              	.LVL15:
 203              		.loc 1 84 31 view .LVU54
ARM GAS  C:\cygwin64\tmp\cc4J37Jt.s 			page 6


 204 001c 0020     		movs	r0, #0
 205              	.LVL16:
 206              		.loc 1 84 31 view .LVU55
 207 001e 4860     		str	r0, [r1, #4]
  85:./FW/ff_gen_drv.c ****             disk.lun[DiskNum] = 0;
 208              		.loc 1 85 13 is_stmt 1 view .LVU56
 209              		.loc 1 85 31 is_stmt 0 view .LVU57
 210 0020 1344     		add	r3, r3, r2
 211 0022 1872     		strb	r0, [r3, #8]
  86:./FW/ff_gen_drv.c ****             disk.nbr--;
 212              		.loc 1 86 13 is_stmt 1 view .LVU58
 213              		.loc 1 86 17 is_stmt 0 view .LVU59
 214 0024 537A     		ldrb	r3, [r2, #9]	@ zero_extendqisi2
 215              		.loc 1 86 21 view .LVU60
 216 0026 013B     		subs	r3, r3, #1
 217 0028 DBB2     		uxtb	r3, r3
 218 002a 5372     		strb	r3, [r2, #9]
  87:./FW/ff_gen_drv.c ****             ret = 0;
 219              		.loc 1 87 13 is_stmt 1 view .LVU61
 220              	.LVL17:
 221              		.loc 1 87 13 is_stmt 0 view .LVU62
 222 002c 7047     		bx	lr
 223              	.LVL18:
 224              	.L14:
  79:./FW/ff_gen_drv.c **** 
 225              		.loc 1 79 13 view .LVU63
 226 002e 0120     		movs	r0, #1
 227              	.LVL19:
  79:./FW/ff_gen_drv.c **** 
 228              		.loc 1 79 13 view .LVU64
 229 0030 7047     		bx	lr
 230              	.LVL20:
 231              	.L15:
  79:./FW/ff_gen_drv.c **** 
 232              		.loc 1 79 13 view .LVU65
 233 0032 0120     		movs	r0, #1
 234              	.LVL21:
  88:./FW/ff_gen_drv.c ****         }
  89:./FW/ff_gen_drv.c ****     }
  90:./FW/ff_gen_drv.c **** 
  91:./FW/ff_gen_drv.c ****     return ret;
 235              		.loc 1 91 5 is_stmt 1 view .LVU66
  92:./FW/ff_gen_drv.c **** }
 236              		.loc 1 92 1 is_stmt 0 view .LVU67
 237 0034 7047     		bx	lr
 238              	.L17:
 239 0036 00BF     		.align	2
 240              	.L16:
 241 0038 00000000 		.word	.LANCHOR0
 242              		.cfi_endproc
 243              	.LFE941:
 245              		.section	.text.FATFS_UnLinkDriver,"ax",%progbits
 246              		.align	1
 247              		.global	FATFS_UnLinkDriver
 248              		.syntax unified
 249              		.thumb
 250              		.thumb_func
ARM GAS  C:\cygwin64\tmp\cc4J37Jt.s 			page 7


 251              		.fpu fpv4-sp-d16
 253              	FATFS_UnLinkDriver:
 254              	.LVL22:
 255              	.LFB942:
  93:./FW/ff_gen_drv.c **** 
  94:./FW/ff_gen_drv.c **** /**
  95:./FW/ff_gen_drv.c ****   * @brief  Unlinks a diskio driver and decrements the number of active linked
  96:./FW/ff_gen_drv.c ****   *         drivers.
  97:./FW/ff_gen_drv.c ****   * @param  path: pointer to the logical drive path
  98:./FW/ff_gen_drv.c ****   * @retval Returns 0 in case of success, otherwise 1.
  99:./FW/ff_gen_drv.c ****   */
 100:./FW/ff_gen_drv.c **** uint8_t FATFS_UnLinkDriver(char *path) {
 256              		.loc 1 100 40 is_stmt 1 view -0
 257              		.cfi_startproc
 258              		@ args = 0, pretend = 0, frame = 0
 259              		@ frame_needed = 0, uses_anonymous_args = 0
 260              		.loc 1 100 40 is_stmt 0 view .LVU69
 261 0000 08B5     		push	{r3, lr}
 262              	.LCFI3:
 263              		.cfi_def_cfa_offset 8
 264              		.cfi_offset 3, -8
 265              		.cfi_offset 14, -4
 101:./FW/ff_gen_drv.c ****     return FATFS_UnLinkDriverEx(path, 0);
 266              		.loc 1 101 5 is_stmt 1 view .LVU70
 267              		.loc 1 101 12 is_stmt 0 view .LVU71
 268 0002 0021     		movs	r1, #0
 269 0004 FFF7FEFF 		bl	FATFS_UnLinkDriverEx
 270              	.LVL23:
 102:./FW/ff_gen_drv.c **** }
 271              		.loc 1 102 1 view .LVU72
 272 0008 08BD     		pop	{r3, pc}
 273              		.cfi_endproc
 274              	.LFE942:
 276              		.section	.text.FATFS_GetAttachedDriversNbr,"ax",%progbits
 277              		.align	1
 278              		.global	FATFS_GetAttachedDriversNbr
 279              		.syntax unified
 280              		.thumb
 281              		.thumb_func
 282              		.fpu fpv4-sp-d16
 284              	FATFS_GetAttachedDriversNbr:
 285              	.LFB943:
 103:./FW/ff_gen_drv.c **** 
 104:./FW/ff_gen_drv.c **** /**
 105:./FW/ff_gen_drv.c ****   * @brief  Gets number of linked drivers to the FatFs module.
 106:./FW/ff_gen_drv.c ****   * @param  None
 107:./FW/ff_gen_drv.c ****   * @retval Number of attached drivers.
 108:./FW/ff_gen_drv.c ****   */
 109:./FW/ff_gen_drv.c **** uint8_t FATFS_GetAttachedDriversNbr(void) {
 286              		.loc 1 109 43 is_stmt 1 view -0
 287              		.cfi_startproc
 288              		@ args = 0, pretend = 0, frame = 0
 289              		@ frame_needed = 0, uses_anonymous_args = 0
 290              		@ link register save eliminated.
 110:./FW/ff_gen_drv.c ****     return disk.nbr;
 291              		.loc 1 110 5 view .LVU74
 292              		.loc 1 110 16 is_stmt 0 view .LVU75
ARM GAS  C:\cygwin64\tmp\cc4J37Jt.s 			page 8


 293 0000 014B     		ldr	r3, .L21
 294 0002 587A     		ldrb	r0, [r3, #9]	@ zero_extendqisi2
 111:./FW/ff_gen_drv.c **** }
 295              		.loc 1 111 1 view .LVU76
 296 0004 7047     		bx	lr
 297              	.L22:
 298 0006 00BF     		.align	2
 299              	.L21:
 300 0008 00000000 		.word	.LANCHOR0
 301              		.cfi_endproc
 302              	.LFE943:
 304              		.global	disk
 305              		.section	.bss.disk,"aw",%nobits
 306              		.align	2
 307              		.set	.LANCHOR0,. + 0
 310              	disk:
 311 0000 00000000 		.space	12
 311      00000000 
 311      00000000 
 312              		.text
 313              	.Letext0:
 314              		.file 2 "./FW/integer.h"
 315              		.file 3 "./FW/diskio.h"
 316              		.file 4 "c:\\gnu_tools_arm_embedded\\9_2019_q4\\arm-none-eabi\\include\\machine\\_default_types.h"
 317              		.file 5 "c:\\gnu_tools_arm_embedded\\9_2019_q4\\arm-none-eabi\\include\\sys\\_stdint.h"
 318              		.file 6 "Drivers/CMSIS/Include/core_cm4.h"
 319              		.file 7 "Drivers/CMSIS/Device/ST/STM32L4xx/Include/system_stm32l4xx.h"
 320              		.file 8 "Drivers/STM32L4xx_HAL_Driver/Inc/stm32l4xx_hal_def.h"
 321              		.file 9 "Drivers/STM32L4xx_HAL_Driver/Inc/stm32l4xx_hal_flash.h"
 322              		.file 10 "Drivers/STM32L4xx_HAL_Driver/Inc/stm32l4xx_hal.h"
 323              		.file 11 "c:\\gnu_tools_arm_embedded\\9_2019_q4\\arm-none-eabi\\include\\sys\\lock.h"
 324              		.file 12 "c:\\gnu_tools_arm_embedded\\9_2019_q4\\arm-none-eabi\\include\\sys\\_types.h"
 325              		.file 13 "c:\\gnu_tools_arm_embedded\\9_2019_q4\\lib\\gcc\\arm-none-eabi\\9.2.1\\include\\stddef.h
 326              		.file 14 "c:\\gnu_tools_arm_embedded\\9_2019_q4\\arm-none-eabi\\include\\sys\\reent.h"
 327              		.file 15 "c:\\gnu_tools_arm_embedded\\9_2019_q4\\arm-none-eabi\\include\\stdlib.h"
 328              		.file 16 "./FW/ff_gen_drv.h"
 329              		.file 17 "Drivers/STM32L4xx_HAL_Driver/Inc/stm32l4xx_ll_dma.h"
ARM GAS  C:\cygwin64\tmp\cc4J37Jt.s 			page 9


DEFINED SYMBOLS
                            *ABS*:00000000 ff_gen_drv.c
C:\cygwin64\tmp\cc4J37Jt.s:18     .text.FATFS_LinkDriverEx:00000000 $t
C:\cygwin64\tmp\cc4J37Jt.s:26     .text.FATFS_LinkDriverEx:00000000 FATFS_LinkDriverEx
C:\cygwin64\tmp\cc4J37Jt.s:125    .text.FATFS_LinkDriverEx:00000044 $d
C:\cygwin64\tmp\cc4J37Jt.s:130    .text.FATFS_LinkDriver:00000000 $t
C:\cygwin64\tmp\cc4J37Jt.s:137    .text.FATFS_LinkDriver:00000000 FATFS_LinkDriver
C:\cygwin64\tmp\cc4J37Jt.s:161    .text.FATFS_UnLinkDriverEx:00000000 $t
C:\cygwin64\tmp\cc4J37Jt.s:168    .text.FATFS_UnLinkDriverEx:00000000 FATFS_UnLinkDriverEx
C:\cygwin64\tmp\cc4J37Jt.s:241    .text.FATFS_UnLinkDriverEx:00000038 $d
C:\cygwin64\tmp\cc4J37Jt.s:246    .text.FATFS_UnLinkDriver:00000000 $t
C:\cygwin64\tmp\cc4J37Jt.s:253    .text.FATFS_UnLinkDriver:00000000 FATFS_UnLinkDriver
C:\cygwin64\tmp\cc4J37Jt.s:277    .text.FATFS_GetAttachedDriversNbr:00000000 $t
C:\cygwin64\tmp\cc4J37Jt.s:284    .text.FATFS_GetAttachedDriversNbr:00000000 FATFS_GetAttachedDriversNbr
C:\cygwin64\tmp\cc4J37Jt.s:300    .text.FATFS_GetAttachedDriversNbr:00000008 $d
C:\cygwin64\tmp\cc4J37Jt.s:310    .bss.disk:00000000 disk
C:\cygwin64\tmp\cc4J37Jt.s:306    .bss.disk:00000000 $d

NO UNDEFINED SYMBOLS
