ARM GAS  C:\cygwin64\tmp\ccNQIySy.s 			page 1


   1              		.cpu cortex-m4
   2              		.eabi_attribute 27, 1
   3              		.eabi_attribute 28, 1
   4              		.eabi_attribute 20, 1
   5              		.eabi_attribute 21, 1
   6              		.eabi_attribute 23, 3
   7              		.eabi_attribute 24, 1
   8              		.eabi_attribute 25, 1
   9              		.eabi_attribute 26, 1
  10              		.eabi_attribute 30, 1
  11              		.eabi_attribute 34, 1
  12              		.eabi_attribute 18, 4
  13              		.file	"stm32l4xx_it.c"
  14              		.text
  15              	.Ltext0:
  16              		.cfi_sections	.debug_frame
  17              		.section	.text.NMI_Handler,"ax",%progbits
  18              		.align	1
  19              		.global	NMI_Handler
  20              		.arch armv7e-m
  21              		.syntax unified
  22              		.thumb
  23              		.thumb_func
  24              		.fpu fpv4-sp-d16
  26              	NMI_Handler:
  27              	.LFB939:
  28              		.file 1 "Core/Src/stm32l4xx_it.c"
   1:Core/Src/stm32l4xx_it.c **** /* USER CODE BEGIN Header */
   2:Core/Src/stm32l4xx_it.c **** /**
   3:Core/Src/stm32l4xx_it.c ****   ******************************************************************************
   4:Core/Src/stm32l4xx_it.c ****   * @file    stm32l4xx_it.c
   5:Core/Src/stm32l4xx_it.c ****   * @brief   Interrupt Service Routines.
   6:Core/Src/stm32l4xx_it.c ****   ******************************************************************************
   7:Core/Src/stm32l4xx_it.c ****   * @attention
   8:Core/Src/stm32l4xx_it.c ****   *
   9:Core/Src/stm32l4xx_it.c ****   * <h2><center>&copy; Copyright (c) 2021 STMicroelectronics.
  10:Core/Src/stm32l4xx_it.c ****   * All rights reserved.</center></h2>
  11:Core/Src/stm32l4xx_it.c ****   *
  12:Core/Src/stm32l4xx_it.c ****   * This software component is licensed by ST under BSD 3-Clause license,
  13:Core/Src/stm32l4xx_it.c ****   * the "License"; You may not use this file except in compliance with the
  14:Core/Src/stm32l4xx_it.c ****   * License. You may obtain a copy of the License at:
  15:Core/Src/stm32l4xx_it.c ****   *                        opensource.org/licenses/BSD-3-Clause
  16:Core/Src/stm32l4xx_it.c ****   *
  17:Core/Src/stm32l4xx_it.c ****   ******************************************************************************
  18:Core/Src/stm32l4xx_it.c ****   */
  19:Core/Src/stm32l4xx_it.c **** /* USER CODE END Header */
  20:Core/Src/stm32l4xx_it.c **** 
  21:Core/Src/stm32l4xx_it.c **** /* Includes ------------------------------------------------------------------*/
  22:Core/Src/stm32l4xx_it.c **** #include "main.h"
  23:Core/Src/stm32l4xx_it.c **** #include "stm32l4xx_it.h"
  24:Core/Src/stm32l4xx_it.c **** /* Private includes ----------------------------------------------------------*/
  25:Core/Src/stm32l4xx_it.c **** /* USER CODE BEGIN Includes */
  26:Core/Src/stm32l4xx_it.c **** /* USER CODE END Includes */
  27:Core/Src/stm32l4xx_it.c **** 
  28:Core/Src/stm32l4xx_it.c **** /* Private typedef -----------------------------------------------------------*/
  29:Core/Src/stm32l4xx_it.c **** /* USER CODE BEGIN TD */
  30:Core/Src/stm32l4xx_it.c **** 
ARM GAS  C:\cygwin64\tmp\ccNQIySy.s 			page 2


  31:Core/Src/stm32l4xx_it.c **** /* USER CODE END TD */
  32:Core/Src/stm32l4xx_it.c **** 
  33:Core/Src/stm32l4xx_it.c **** /* Private define ------------------------------------------------------------*/
  34:Core/Src/stm32l4xx_it.c **** /* USER CODE BEGIN PD */
  35:Core/Src/stm32l4xx_it.c **** 
  36:Core/Src/stm32l4xx_it.c **** /* USER CODE END PD */
  37:Core/Src/stm32l4xx_it.c **** 
  38:Core/Src/stm32l4xx_it.c **** /* Private macro -------------------------------------------------------------*/
  39:Core/Src/stm32l4xx_it.c **** /* USER CODE BEGIN PM */
  40:Core/Src/stm32l4xx_it.c **** 
  41:Core/Src/stm32l4xx_it.c **** /* USER CODE END PM */
  42:Core/Src/stm32l4xx_it.c **** 
  43:Core/Src/stm32l4xx_it.c **** /* Private variables ---------------------------------------------------------*/
  44:Core/Src/stm32l4xx_it.c **** /* USER CODE BEGIN PV */
  45:Core/Src/stm32l4xx_it.c **** 
  46:Core/Src/stm32l4xx_it.c **** /* USER CODE END PV */
  47:Core/Src/stm32l4xx_it.c **** 
  48:Core/Src/stm32l4xx_it.c **** /* Private function prototypes -----------------------------------------------*/
  49:Core/Src/stm32l4xx_it.c **** /* USER CODE BEGIN PFP */
  50:Core/Src/stm32l4xx_it.c **** 
  51:Core/Src/stm32l4xx_it.c **** /* USER CODE END PFP */
  52:Core/Src/stm32l4xx_it.c **** 
  53:Core/Src/stm32l4xx_it.c **** /* Private user code ---------------------------------------------------------*/
  54:Core/Src/stm32l4xx_it.c **** /* USER CODE BEGIN 0 */
  55:Core/Src/stm32l4xx_it.c **** 
  56:Core/Src/stm32l4xx_it.c **** /* USER CODE END 0 */
  57:Core/Src/stm32l4xx_it.c **** 
  58:Core/Src/stm32l4xx_it.c **** /* External variables --------------------------------------------------------*/
  59:Core/Src/stm32l4xx_it.c **** 
  60:Core/Src/stm32l4xx_it.c **** /* USER CODE BEGIN EV */
  61:Core/Src/stm32l4xx_it.c **** 
  62:Core/Src/stm32l4xx_it.c **** /* USER CODE END EV */
  63:Core/Src/stm32l4xx_it.c **** 
  64:Core/Src/stm32l4xx_it.c **** /******************************************************************************/
  65:Core/Src/stm32l4xx_it.c **** /*           Cortex-M4 Processor Interruption and Exception Handlers          */
  66:Core/Src/stm32l4xx_it.c **** /******************************************************************************/
  67:Core/Src/stm32l4xx_it.c **** /**
  68:Core/Src/stm32l4xx_it.c ****   * @brief This function handles Non maskable interrupt.
  69:Core/Src/stm32l4xx_it.c ****   */
  70:Core/Src/stm32l4xx_it.c **** void NMI_Handler(void) {
  29              		.loc 1 70 24 view -0
  30              		.cfi_startproc
  31              		@ Volatile: function does not return.
  32              		@ args = 0, pretend = 0, frame = 0
  33              		@ frame_needed = 0, uses_anonymous_args = 0
  34              		@ link register save eliminated.
  35              	.L2:
  71:Core/Src/stm32l4xx_it.c ****     /* USER CODE BEGIN NonMaskableInt_IRQn 0 */
  72:Core/Src/stm32l4xx_it.c **** 
  73:Core/Src/stm32l4xx_it.c ****     /* USER CODE END NonMaskableInt_IRQn 0 */
  74:Core/Src/stm32l4xx_it.c ****     /* USER CODE BEGIN NonMaskableInt_IRQn 1 */
  75:Core/Src/stm32l4xx_it.c ****     while (1) {
  36              		.loc 1 75 5 discriminator 1 view .LVU1
  76:Core/Src/stm32l4xx_it.c ****     }
  37              		.loc 1 76 5 discriminator 1 view .LVU2
  75:Core/Src/stm32l4xx_it.c ****     }
  38              		.loc 1 75 11 discriminator 1 view .LVU3
ARM GAS  C:\cygwin64\tmp\ccNQIySy.s 			page 3


  39 0000 FEE7     		b	.L2
  40              		.cfi_endproc
  41              	.LFE939:
  43              		.section	.text.HardFault_Handler,"ax",%progbits
  44              		.align	1
  45              		.global	HardFault_Handler
  46              		.syntax unified
  47              		.thumb
  48              		.thumb_func
  49              		.fpu fpv4-sp-d16
  51              	HardFault_Handler:
  52              	.LFB940:
  77:Core/Src/stm32l4xx_it.c ****     /* USER CODE END NonMaskableInt_IRQn 1 */
  78:Core/Src/stm32l4xx_it.c **** }
  79:Core/Src/stm32l4xx_it.c **** 
  80:Core/Src/stm32l4xx_it.c **** /**
  81:Core/Src/stm32l4xx_it.c ****   * @brief This function handles Hard fault interrupt.
  82:Core/Src/stm32l4xx_it.c ****   */
  83:Core/Src/stm32l4xx_it.c **** void HardFault_Handler(void) {
  53              		.loc 1 83 30 view -0
  54              		.cfi_startproc
  55              		@ Volatile: function does not return.
  56              		@ args = 0, pretend = 0, frame = 0
  57              		@ frame_needed = 0, uses_anonymous_args = 0
  58              		@ link register save eliminated.
  59              	.L4:
  84:Core/Src/stm32l4xx_it.c ****     /* USER CODE BEGIN HardFault_IRQn 0 */
  85:Core/Src/stm32l4xx_it.c **** 
  86:Core/Src/stm32l4xx_it.c ****     /* USER CODE END HardFault_IRQn 0 */
  87:Core/Src/stm32l4xx_it.c ****     while (1) {
  60              		.loc 1 87 5 discriminator 1 view .LVU5
  88:Core/Src/stm32l4xx_it.c ****         /* USER CODE BEGIN W1_HardFault_IRQn 0 */
  89:Core/Src/stm32l4xx_it.c ****         /* USER CODE END W1_HardFault_IRQn 0 */
  90:Core/Src/stm32l4xx_it.c ****     }
  61              		.loc 1 90 5 discriminator 1 view .LVU6
  87:Core/Src/stm32l4xx_it.c ****         /* USER CODE BEGIN W1_HardFault_IRQn 0 */
  62              		.loc 1 87 11 discriminator 1 view .LVU7
  63 0000 FEE7     		b	.L4
  64              		.cfi_endproc
  65              	.LFE940:
  67              		.section	.text.MemManage_Handler,"ax",%progbits
  68              		.align	1
  69              		.global	MemManage_Handler
  70              		.syntax unified
  71              		.thumb
  72              		.thumb_func
  73              		.fpu fpv4-sp-d16
  75              	MemManage_Handler:
  76              	.LFB941:
  91:Core/Src/stm32l4xx_it.c **** }
  92:Core/Src/stm32l4xx_it.c **** 
  93:Core/Src/stm32l4xx_it.c **** /**
  94:Core/Src/stm32l4xx_it.c ****   * @brief This function handles Memory management fault.
  95:Core/Src/stm32l4xx_it.c ****   */
  96:Core/Src/stm32l4xx_it.c **** void MemManage_Handler(void) {
  77              		.loc 1 96 30 view -0
  78              		.cfi_startproc
ARM GAS  C:\cygwin64\tmp\ccNQIySy.s 			page 4


  79              		@ Volatile: function does not return.
  80              		@ args = 0, pretend = 0, frame = 0
  81              		@ frame_needed = 0, uses_anonymous_args = 0
  82              		@ link register save eliminated.
  83              	.L6:
  97:Core/Src/stm32l4xx_it.c ****     /* USER CODE BEGIN MemoryManagement_IRQn 0 */
  98:Core/Src/stm32l4xx_it.c **** 
  99:Core/Src/stm32l4xx_it.c ****     /* USER CODE END MemoryManagement_IRQn 0 */
 100:Core/Src/stm32l4xx_it.c ****     while (1) {
  84              		.loc 1 100 5 discriminator 1 view .LVU9
 101:Core/Src/stm32l4xx_it.c ****         /* USER CODE BEGIN W1_MemoryManagement_IRQn 0 */
 102:Core/Src/stm32l4xx_it.c ****         /* USER CODE END W1_MemoryManagement_IRQn 0 */
 103:Core/Src/stm32l4xx_it.c ****     }
  85              		.loc 1 103 5 discriminator 1 view .LVU10
 100:Core/Src/stm32l4xx_it.c ****         /* USER CODE BEGIN W1_MemoryManagement_IRQn 0 */
  86              		.loc 1 100 11 discriminator 1 view .LVU11
  87 0000 FEE7     		b	.L6
  88              		.cfi_endproc
  89              	.LFE941:
  91              		.section	.text.BusFault_Handler,"ax",%progbits
  92              		.align	1
  93              		.global	BusFault_Handler
  94              		.syntax unified
  95              		.thumb
  96              		.thumb_func
  97              		.fpu fpv4-sp-d16
  99              	BusFault_Handler:
 100              	.LFB942:
 104:Core/Src/stm32l4xx_it.c **** }
 105:Core/Src/stm32l4xx_it.c **** 
 106:Core/Src/stm32l4xx_it.c **** /**
 107:Core/Src/stm32l4xx_it.c ****   * @brief This function handles Prefetch fault, memory access fault.
 108:Core/Src/stm32l4xx_it.c ****   */
 109:Core/Src/stm32l4xx_it.c **** void BusFault_Handler(void) {
 101              		.loc 1 109 29 view -0
 102              		.cfi_startproc
 103              		@ Volatile: function does not return.
 104              		@ args = 0, pretend = 0, frame = 0
 105              		@ frame_needed = 0, uses_anonymous_args = 0
 106              		@ link register save eliminated.
 107              	.L8:
 110:Core/Src/stm32l4xx_it.c ****     /* USER CODE BEGIN BusFault_IRQn 0 */
 111:Core/Src/stm32l4xx_it.c **** 
 112:Core/Src/stm32l4xx_it.c ****     /* USER CODE END BusFault_IRQn 0 */
 113:Core/Src/stm32l4xx_it.c ****     while (1) {
 108              		.loc 1 113 5 discriminator 1 view .LVU13
 114:Core/Src/stm32l4xx_it.c ****         /* USER CODE BEGIN W1_BusFault_IRQn 0 */
 115:Core/Src/stm32l4xx_it.c ****         /* USER CODE END W1_BusFault_IRQn 0 */
 116:Core/Src/stm32l4xx_it.c ****     }
 109              		.loc 1 116 5 discriminator 1 view .LVU14
 113:Core/Src/stm32l4xx_it.c ****         /* USER CODE BEGIN W1_BusFault_IRQn 0 */
 110              		.loc 1 113 11 discriminator 1 view .LVU15
 111 0000 FEE7     		b	.L8
 112              		.cfi_endproc
 113              	.LFE942:
 115              		.section	.text.UsageFault_Handler,"ax",%progbits
 116              		.align	1
ARM GAS  C:\cygwin64\tmp\ccNQIySy.s 			page 5


 117              		.global	UsageFault_Handler
 118              		.syntax unified
 119              		.thumb
 120              		.thumb_func
 121              		.fpu fpv4-sp-d16
 123              	UsageFault_Handler:
 124              	.LFB943:
 117:Core/Src/stm32l4xx_it.c **** }
 118:Core/Src/stm32l4xx_it.c **** 
 119:Core/Src/stm32l4xx_it.c **** /**
 120:Core/Src/stm32l4xx_it.c ****   * @brief This function handles Undefined instruction or illegal state.
 121:Core/Src/stm32l4xx_it.c ****   */
 122:Core/Src/stm32l4xx_it.c **** void UsageFault_Handler(void) {
 125              		.loc 1 122 31 view -0
 126              		.cfi_startproc
 127              		@ Volatile: function does not return.
 128              		@ args = 0, pretend = 0, frame = 0
 129              		@ frame_needed = 0, uses_anonymous_args = 0
 130              		@ link register save eliminated.
 131              	.L10:
 123:Core/Src/stm32l4xx_it.c ****     /* USER CODE BEGIN UsageFault_IRQn 0 */
 124:Core/Src/stm32l4xx_it.c **** 
 125:Core/Src/stm32l4xx_it.c ****     /* USER CODE END UsageFault_IRQn 0 */
 126:Core/Src/stm32l4xx_it.c ****     while (1) {
 132              		.loc 1 126 5 discriminator 1 view .LVU17
 127:Core/Src/stm32l4xx_it.c ****         /* USER CODE BEGIN W1_UsageFault_IRQn 0 */
 128:Core/Src/stm32l4xx_it.c ****         /* USER CODE END W1_UsageFault_IRQn 0 */
 129:Core/Src/stm32l4xx_it.c ****     }
 133              		.loc 1 129 5 discriminator 1 view .LVU18
 126:Core/Src/stm32l4xx_it.c ****         /* USER CODE BEGIN W1_UsageFault_IRQn 0 */
 134              		.loc 1 126 11 discriminator 1 view .LVU19
 135 0000 FEE7     		b	.L10
 136              		.cfi_endproc
 137              	.LFE943:
 139              		.section	.text.SVC_Handler,"ax",%progbits
 140              		.align	1
 141              		.global	SVC_Handler
 142              		.syntax unified
 143              		.thumb
 144              		.thumb_func
 145              		.fpu fpv4-sp-d16
 147              	SVC_Handler:
 148              	.LFB944:
 130:Core/Src/stm32l4xx_it.c **** }
 131:Core/Src/stm32l4xx_it.c **** 
 132:Core/Src/stm32l4xx_it.c **** /**
 133:Core/Src/stm32l4xx_it.c ****   * @brief This function handles System service call via SWI instruction.
 134:Core/Src/stm32l4xx_it.c ****   */
 135:Core/Src/stm32l4xx_it.c **** void SVC_Handler(void) {
 149              		.loc 1 135 24 view -0
 150              		.cfi_startproc
 151              		@ args = 0, pretend = 0, frame = 0
 152              		@ frame_needed = 0, uses_anonymous_args = 0
 153              		@ link register save eliminated.
 136:Core/Src/stm32l4xx_it.c ****     /* USER CODE BEGIN SVCall_IRQn 0 */
 137:Core/Src/stm32l4xx_it.c **** 
 138:Core/Src/stm32l4xx_it.c ****     /* USER CODE END SVCall_IRQn 0 */
ARM GAS  C:\cygwin64\tmp\ccNQIySy.s 			page 6


 139:Core/Src/stm32l4xx_it.c ****     /* USER CODE BEGIN SVCall_IRQn 1 */
 140:Core/Src/stm32l4xx_it.c **** 
 141:Core/Src/stm32l4xx_it.c ****     /* USER CODE END SVCall_IRQn 1 */
 142:Core/Src/stm32l4xx_it.c **** }
 154              		.loc 1 142 1 view .LVU21
 155 0000 7047     		bx	lr
 156              		.cfi_endproc
 157              	.LFE944:
 159              		.section	.text.DebugMon_Handler,"ax",%progbits
 160              		.align	1
 161              		.global	DebugMon_Handler
 162              		.syntax unified
 163              		.thumb
 164              		.thumb_func
 165              		.fpu fpv4-sp-d16
 167              	DebugMon_Handler:
 168              	.LFB945:
 143:Core/Src/stm32l4xx_it.c **** 
 144:Core/Src/stm32l4xx_it.c **** /**
 145:Core/Src/stm32l4xx_it.c ****   * @brief This function handles Debug monitor.
 146:Core/Src/stm32l4xx_it.c ****   */
 147:Core/Src/stm32l4xx_it.c **** void DebugMon_Handler(void) {
 169              		.loc 1 147 29 view -0
 170              		.cfi_startproc
 171              		@ args = 0, pretend = 0, frame = 0
 172              		@ frame_needed = 0, uses_anonymous_args = 0
 173              		@ link register save eliminated.
 148:Core/Src/stm32l4xx_it.c ****     /* USER CODE BEGIN DebugMonitor_IRQn 0 */
 149:Core/Src/stm32l4xx_it.c **** 
 150:Core/Src/stm32l4xx_it.c ****     /* USER CODE END DebugMonitor_IRQn 0 */
 151:Core/Src/stm32l4xx_it.c ****     /* USER CODE BEGIN DebugMonitor_IRQn 1 */
 152:Core/Src/stm32l4xx_it.c **** 
 153:Core/Src/stm32l4xx_it.c ****     /* USER CODE END DebugMonitor_IRQn 1 */
 154:Core/Src/stm32l4xx_it.c **** }
 174              		.loc 1 154 1 view .LVU23
 175 0000 7047     		bx	lr
 176              		.cfi_endproc
 177              	.LFE945:
 179              		.section	.text.PendSV_Handler,"ax",%progbits
 180              		.align	1
 181              		.global	PendSV_Handler
 182              		.syntax unified
 183              		.thumb
 184              		.thumb_func
 185              		.fpu fpv4-sp-d16
 187              	PendSV_Handler:
 188              	.LFB946:
 155:Core/Src/stm32l4xx_it.c **** 
 156:Core/Src/stm32l4xx_it.c **** /**
 157:Core/Src/stm32l4xx_it.c ****   * @brief This function handles Pendable request for system service.
 158:Core/Src/stm32l4xx_it.c ****   */
 159:Core/Src/stm32l4xx_it.c **** void PendSV_Handler(void) {
 189              		.loc 1 159 27 view -0
 190              		.cfi_startproc
 191              		@ args = 0, pretend = 0, frame = 0
 192              		@ frame_needed = 0, uses_anonymous_args = 0
 193              		@ link register save eliminated.
ARM GAS  C:\cygwin64\tmp\ccNQIySy.s 			page 7


 160:Core/Src/stm32l4xx_it.c ****     /* USER CODE BEGIN PendSV_IRQn 0 */
 161:Core/Src/stm32l4xx_it.c **** 
 162:Core/Src/stm32l4xx_it.c ****     /* USER CODE END PendSV_IRQn 0 */
 163:Core/Src/stm32l4xx_it.c ****     /* USER CODE BEGIN PendSV_IRQn 1 */
 164:Core/Src/stm32l4xx_it.c **** 
 165:Core/Src/stm32l4xx_it.c ****     /* USER CODE END PendSV_IRQn 1 */
 166:Core/Src/stm32l4xx_it.c **** }
 194              		.loc 1 166 1 view .LVU25
 195 0000 7047     		bx	lr
 196              		.cfi_endproc
 197              	.LFE946:
 199              		.section	.text.SysTick_Handler,"ax",%progbits
 200              		.align	1
 201              		.global	SysTick_Handler
 202              		.syntax unified
 203              		.thumb
 204              		.thumb_func
 205              		.fpu fpv4-sp-d16
 207              	SysTick_Handler:
 208              	.LFB947:
 167:Core/Src/stm32l4xx_it.c **** 
 168:Core/Src/stm32l4xx_it.c **** /**
 169:Core/Src/stm32l4xx_it.c ****   * @brief This function handles System tick timer.
 170:Core/Src/stm32l4xx_it.c ****   */
 171:Core/Src/stm32l4xx_it.c **** void SysTick_Handler(void) {
 209              		.loc 1 171 28 view -0
 210              		.cfi_startproc
 211              		@ args = 0, pretend = 0, frame = 0
 212              		@ frame_needed = 0, uses_anonymous_args = 0
 213 0000 08B5     		push	{r3, lr}
 214              	.LCFI0:
 215              		.cfi_def_cfa_offset 8
 216              		.cfi_offset 3, -8
 217              		.cfi_offset 14, -4
 172:Core/Src/stm32l4xx_it.c ****     /* USER CODE BEGIN SysTick_IRQn 0 */
 173:Core/Src/stm32l4xx_it.c **** 
 174:Core/Src/stm32l4xx_it.c ****     /* USER CODE END SysTick_IRQn 0 */
 175:Core/Src/stm32l4xx_it.c ****     HAL_IncTick();
 218              		.loc 1 175 5 view .LVU27
 219 0002 FFF7FEFF 		bl	HAL_IncTick
 220              	.LVL0:
 176:Core/Src/stm32l4xx_it.c ****     /* USER CODE BEGIN SysTick_IRQn 1 */
 177:Core/Src/stm32l4xx_it.c **** 
 178:Core/Src/stm32l4xx_it.c ****     /* USER CODE END SysTick_IRQn 1 */
 179:Core/Src/stm32l4xx_it.c **** }
 221              		.loc 1 179 1 is_stmt 0 view .LVU28
 222 0006 08BD     		pop	{r3, pc}
 223              		.cfi_endproc
 224              	.LFE947:
 226              		.text
 227              	.Letext0:
 228              		.file 2 "c:\\gnu_tools_arm_embedded\\9_2019_q4\\arm-none-eabi\\include\\machine\\_default_types.h"
 229              		.file 3 "c:\\gnu_tools_arm_embedded\\9_2019_q4\\arm-none-eabi\\include\\sys\\_stdint.h"
 230              		.file 4 "Drivers/CMSIS/Include/core_cm4.h"
 231              		.file 5 "Drivers/CMSIS/Device/ST/STM32L4xx/Include/system_stm32l4xx.h"
 232              		.file 6 "Drivers/STM32L4xx_HAL_Driver/Inc/stm32l4xx_hal_def.h"
 233              		.file 7 "Drivers/STM32L4xx_HAL_Driver/Inc/stm32l4xx_hal_flash.h"
ARM GAS  C:\cygwin64\tmp\ccNQIySy.s 			page 8


 234              		.file 8 "Drivers/STM32L4xx_HAL_Driver/Inc/stm32l4xx_hal.h"
 235              		.file 9 "Drivers/STM32L4xx_HAL_Driver/Inc/stm32l4xx_ll_dma.h"
ARM GAS  C:\cygwin64\tmp\ccNQIySy.s 			page 9


DEFINED SYMBOLS
                            *ABS*:00000000 stm32l4xx_it.c
C:\cygwin64\tmp\ccNQIySy.s:18     .text.NMI_Handler:00000000 $t
C:\cygwin64\tmp\ccNQIySy.s:26     .text.NMI_Handler:00000000 NMI_Handler
C:\cygwin64\tmp\ccNQIySy.s:44     .text.HardFault_Handler:00000000 $t
C:\cygwin64\tmp\ccNQIySy.s:51     .text.HardFault_Handler:00000000 HardFault_Handler
C:\cygwin64\tmp\ccNQIySy.s:68     .text.MemManage_Handler:00000000 $t
C:\cygwin64\tmp\ccNQIySy.s:75     .text.MemManage_Handler:00000000 MemManage_Handler
C:\cygwin64\tmp\ccNQIySy.s:92     .text.BusFault_Handler:00000000 $t
C:\cygwin64\tmp\ccNQIySy.s:99     .text.BusFault_Handler:00000000 BusFault_Handler
C:\cygwin64\tmp\ccNQIySy.s:116    .text.UsageFault_Handler:00000000 $t
C:\cygwin64\tmp\ccNQIySy.s:123    .text.UsageFault_Handler:00000000 UsageFault_Handler
C:\cygwin64\tmp\ccNQIySy.s:140    .text.SVC_Handler:00000000 $t
C:\cygwin64\tmp\ccNQIySy.s:147    .text.SVC_Handler:00000000 SVC_Handler
C:\cygwin64\tmp\ccNQIySy.s:160    .text.DebugMon_Handler:00000000 $t
C:\cygwin64\tmp\ccNQIySy.s:167    .text.DebugMon_Handler:00000000 DebugMon_Handler
C:\cygwin64\tmp\ccNQIySy.s:180    .text.PendSV_Handler:00000000 $t
C:\cygwin64\tmp\ccNQIySy.s:187    .text.PendSV_Handler:00000000 PendSV_Handler
C:\cygwin64\tmp\ccNQIySy.s:200    .text.SysTick_Handler:00000000 $t
C:\cygwin64\tmp\ccNQIySy.s:207    .text.SysTick_Handler:00000000 SysTick_Handler

UNDEFINED SYMBOLS
HAL_IncTick
