ARM GAS  C:\cygwin64\tmp\cc6dh4MN.s 			page 1


   1              		.cpu cortex-m4
   2              		.eabi_attribute 27, 1
   3              		.eabi_attribute 28, 1
   4              		.eabi_attribute 20, 1
   5              		.eabi_attribute 21, 1
   6              		.eabi_attribute 23, 3
   7              		.eabi_attribute 24, 1
   8              		.eabi_attribute 25, 1
   9              		.eabi_attribute 26, 1
  10              		.eabi_attribute 30, 1
  11              		.eabi_attribute 34, 1
  12              		.eabi_attribute 18, 4
  13              		.file	"stm32l4xx_hal_i2c_ex.c"
  14              		.text
  15              	.Ltext0:
  16              		.cfi_sections	.debug_frame
  17              		.section	.text.HAL_I2CEx_ConfigAnalogFilter,"ax",%progbits
  18              		.align	1
  19              		.global	HAL_I2CEx_ConfigAnalogFilter
  20              		.arch armv7e-m
  21              		.syntax unified
  22              		.thumb
  23              		.thumb_func
  24              		.fpu fpv4-sp-d16
  26              	HAL_I2CEx_ConfigAnalogFilter:
  27              	.LVL0:
  28              	.LFB132:
  29              		.file 1 "Drivers/STM32L4xx_HAL_Driver/Src/stm32l4xx_hal_i2c_ex.c"
   1:Drivers/STM32L4xx_HAL_Driver/Src/stm32l4xx_hal_i2c_ex.c **** /**
   2:Drivers/STM32L4xx_HAL_Driver/Src/stm32l4xx_hal_i2c_ex.c ****   ******************************************************************************
   3:Drivers/STM32L4xx_HAL_Driver/Src/stm32l4xx_hal_i2c_ex.c ****   * @file    stm32l4xx_hal_i2c_ex.c
   4:Drivers/STM32L4xx_HAL_Driver/Src/stm32l4xx_hal_i2c_ex.c ****   * @author  MCD Application Team
   5:Drivers/STM32L4xx_HAL_Driver/Src/stm32l4xx_hal_i2c_ex.c ****   * @brief   I2C Extended HAL module driver.
   6:Drivers/STM32L4xx_HAL_Driver/Src/stm32l4xx_hal_i2c_ex.c ****   *          This file provides firmware functions to manage the following
   7:Drivers/STM32L4xx_HAL_Driver/Src/stm32l4xx_hal_i2c_ex.c ****   *          functionalities of I2C Extended peripheral:
   8:Drivers/STM32L4xx_HAL_Driver/Src/stm32l4xx_hal_i2c_ex.c ****   *           + Extended features functions
   9:Drivers/STM32L4xx_HAL_Driver/Src/stm32l4xx_hal_i2c_ex.c ****   *
  10:Drivers/STM32L4xx_HAL_Driver/Src/stm32l4xx_hal_i2c_ex.c ****   @verbatim
  11:Drivers/STM32L4xx_HAL_Driver/Src/stm32l4xx_hal_i2c_ex.c ****   ==============================================================================
  12:Drivers/STM32L4xx_HAL_Driver/Src/stm32l4xx_hal_i2c_ex.c ****                ##### I2C peripheral Extended features  #####
  13:Drivers/STM32L4xx_HAL_Driver/Src/stm32l4xx_hal_i2c_ex.c ****   ==============================================================================
  14:Drivers/STM32L4xx_HAL_Driver/Src/stm32l4xx_hal_i2c_ex.c **** 
  15:Drivers/STM32L4xx_HAL_Driver/Src/stm32l4xx_hal_i2c_ex.c ****   [..] Comparing to other previous devices, the I2C interface for STM32L4xx
  16:Drivers/STM32L4xx_HAL_Driver/Src/stm32l4xx_hal_i2c_ex.c ****        devices contains the following additional features
  17:Drivers/STM32L4xx_HAL_Driver/Src/stm32l4xx_hal_i2c_ex.c **** 
  18:Drivers/STM32L4xx_HAL_Driver/Src/stm32l4xx_hal_i2c_ex.c ****        (+) Possibility to disable or enable Analog Noise Filter
  19:Drivers/STM32L4xx_HAL_Driver/Src/stm32l4xx_hal_i2c_ex.c ****        (+) Use of a configured Digital Noise Filter
  20:Drivers/STM32L4xx_HAL_Driver/Src/stm32l4xx_hal_i2c_ex.c ****        (+) Disable or enable wakeup from Stop mode(s)
  21:Drivers/STM32L4xx_HAL_Driver/Src/stm32l4xx_hal_i2c_ex.c ****        (+) Disable or enable Fast Mode Plus
  22:Drivers/STM32L4xx_HAL_Driver/Src/stm32l4xx_hal_i2c_ex.c **** 
  23:Drivers/STM32L4xx_HAL_Driver/Src/stm32l4xx_hal_i2c_ex.c ****                      ##### How to use this driver #####
  24:Drivers/STM32L4xx_HAL_Driver/Src/stm32l4xx_hal_i2c_ex.c ****   ==============================================================================
  25:Drivers/STM32L4xx_HAL_Driver/Src/stm32l4xx_hal_i2c_ex.c ****   [..] This driver provides functions to configure Noise Filter and Wake Up Feature
  26:Drivers/STM32L4xx_HAL_Driver/Src/stm32l4xx_hal_i2c_ex.c ****     (#) Configure I2C Analog noise filter using the function HAL_I2CEx_ConfigAnalogFilter()
  27:Drivers/STM32L4xx_HAL_Driver/Src/stm32l4xx_hal_i2c_ex.c ****     (#) Configure I2C Digital noise filter using the function HAL_I2CEx_ConfigDigitalFilter()
  28:Drivers/STM32L4xx_HAL_Driver/Src/stm32l4xx_hal_i2c_ex.c ****     (#) Configure the enable or disable of I2C Wake Up Mode using the functions :
  29:Drivers/STM32L4xx_HAL_Driver/Src/stm32l4xx_hal_i2c_ex.c ****           (++) HAL_I2CEx_EnableWakeUp()
ARM GAS  C:\cygwin64\tmp\cc6dh4MN.s 			page 2


  30:Drivers/STM32L4xx_HAL_Driver/Src/stm32l4xx_hal_i2c_ex.c ****           (++) HAL_I2CEx_DisableWakeUp()
  31:Drivers/STM32L4xx_HAL_Driver/Src/stm32l4xx_hal_i2c_ex.c ****     (#) Configure the enable or disable of fast mode plus driving capability using the functions :
  32:Drivers/STM32L4xx_HAL_Driver/Src/stm32l4xx_hal_i2c_ex.c ****           (++) HAL_I2CEx_EnableFastModePlus()
  33:Drivers/STM32L4xx_HAL_Driver/Src/stm32l4xx_hal_i2c_ex.c ****           (++) HAL_I2CEx_DisableFastModePlus()
  34:Drivers/STM32L4xx_HAL_Driver/Src/stm32l4xx_hal_i2c_ex.c ****   @endverbatim
  35:Drivers/STM32L4xx_HAL_Driver/Src/stm32l4xx_hal_i2c_ex.c ****   ******************************************************************************
  36:Drivers/STM32L4xx_HAL_Driver/Src/stm32l4xx_hal_i2c_ex.c ****   * @attention
  37:Drivers/STM32L4xx_HAL_Driver/Src/stm32l4xx_hal_i2c_ex.c ****   *
  38:Drivers/STM32L4xx_HAL_Driver/Src/stm32l4xx_hal_i2c_ex.c ****   * <h2><center>&copy; Copyright (c) 2017 STMicroelectronics.
  39:Drivers/STM32L4xx_HAL_Driver/Src/stm32l4xx_hal_i2c_ex.c ****   * All rights reserved.</center></h2>
  40:Drivers/STM32L4xx_HAL_Driver/Src/stm32l4xx_hal_i2c_ex.c ****   *
  41:Drivers/STM32L4xx_HAL_Driver/Src/stm32l4xx_hal_i2c_ex.c ****   * This software component is licensed by ST under BSD 3-Clause license,
  42:Drivers/STM32L4xx_HAL_Driver/Src/stm32l4xx_hal_i2c_ex.c ****   * the "License"; You may not use this file except in compliance with the
  43:Drivers/STM32L4xx_HAL_Driver/Src/stm32l4xx_hal_i2c_ex.c ****   * License. You may obtain a copy of the License at:
  44:Drivers/STM32L4xx_HAL_Driver/Src/stm32l4xx_hal_i2c_ex.c ****   *                        opensource.org/licenses/BSD-3-Clause
  45:Drivers/STM32L4xx_HAL_Driver/Src/stm32l4xx_hal_i2c_ex.c ****   *
  46:Drivers/STM32L4xx_HAL_Driver/Src/stm32l4xx_hal_i2c_ex.c ****   ******************************************************************************
  47:Drivers/STM32L4xx_HAL_Driver/Src/stm32l4xx_hal_i2c_ex.c ****   */
  48:Drivers/STM32L4xx_HAL_Driver/Src/stm32l4xx_hal_i2c_ex.c **** 
  49:Drivers/STM32L4xx_HAL_Driver/Src/stm32l4xx_hal_i2c_ex.c **** /* Includes ------------------------------------------------------------------*/
  50:Drivers/STM32L4xx_HAL_Driver/Src/stm32l4xx_hal_i2c_ex.c **** #include "stm32l4xx_hal.h"
  51:Drivers/STM32L4xx_HAL_Driver/Src/stm32l4xx_hal_i2c_ex.c **** 
  52:Drivers/STM32L4xx_HAL_Driver/Src/stm32l4xx_hal_i2c_ex.c **** /** @addtogroup STM32L4xx_HAL_Driver
  53:Drivers/STM32L4xx_HAL_Driver/Src/stm32l4xx_hal_i2c_ex.c ****   * @{
  54:Drivers/STM32L4xx_HAL_Driver/Src/stm32l4xx_hal_i2c_ex.c ****   */
  55:Drivers/STM32L4xx_HAL_Driver/Src/stm32l4xx_hal_i2c_ex.c **** 
  56:Drivers/STM32L4xx_HAL_Driver/Src/stm32l4xx_hal_i2c_ex.c **** /** @defgroup I2CEx I2CEx
  57:Drivers/STM32L4xx_HAL_Driver/Src/stm32l4xx_hal_i2c_ex.c ****   * @brief I2C Extended HAL module driver
  58:Drivers/STM32L4xx_HAL_Driver/Src/stm32l4xx_hal_i2c_ex.c ****   * @{
  59:Drivers/STM32L4xx_HAL_Driver/Src/stm32l4xx_hal_i2c_ex.c ****   */
  60:Drivers/STM32L4xx_HAL_Driver/Src/stm32l4xx_hal_i2c_ex.c **** 
  61:Drivers/STM32L4xx_HAL_Driver/Src/stm32l4xx_hal_i2c_ex.c **** #ifdef HAL_I2C_MODULE_ENABLED
  62:Drivers/STM32L4xx_HAL_Driver/Src/stm32l4xx_hal_i2c_ex.c **** 
  63:Drivers/STM32L4xx_HAL_Driver/Src/stm32l4xx_hal_i2c_ex.c **** /* Private typedef -----------------------------------------------------------*/
  64:Drivers/STM32L4xx_HAL_Driver/Src/stm32l4xx_hal_i2c_ex.c **** /* Private define ------------------------------------------------------------*/
  65:Drivers/STM32L4xx_HAL_Driver/Src/stm32l4xx_hal_i2c_ex.c **** /* Private macro -------------------------------------------------------------*/
  66:Drivers/STM32L4xx_HAL_Driver/Src/stm32l4xx_hal_i2c_ex.c **** /* Private variables ---------------------------------------------------------*/
  67:Drivers/STM32L4xx_HAL_Driver/Src/stm32l4xx_hal_i2c_ex.c **** /* Private function prototypes -----------------------------------------------*/
  68:Drivers/STM32L4xx_HAL_Driver/Src/stm32l4xx_hal_i2c_ex.c **** /* Private functions ---------------------------------------------------------*/
  69:Drivers/STM32L4xx_HAL_Driver/Src/stm32l4xx_hal_i2c_ex.c **** 
  70:Drivers/STM32L4xx_HAL_Driver/Src/stm32l4xx_hal_i2c_ex.c **** /** @defgroup I2CEx_Exported_Functions I2C Extended Exported Functions
  71:Drivers/STM32L4xx_HAL_Driver/Src/stm32l4xx_hal_i2c_ex.c ****   * @{
  72:Drivers/STM32L4xx_HAL_Driver/Src/stm32l4xx_hal_i2c_ex.c ****   */
  73:Drivers/STM32L4xx_HAL_Driver/Src/stm32l4xx_hal_i2c_ex.c **** 
  74:Drivers/STM32L4xx_HAL_Driver/Src/stm32l4xx_hal_i2c_ex.c **** /** @defgroup I2CEx_Exported_Functions_Group1 Extended features functions
  75:Drivers/STM32L4xx_HAL_Driver/Src/stm32l4xx_hal_i2c_ex.c ****   * @brief    Extended features functions
  76:Drivers/STM32L4xx_HAL_Driver/Src/stm32l4xx_hal_i2c_ex.c ****   *
  77:Drivers/STM32L4xx_HAL_Driver/Src/stm32l4xx_hal_i2c_ex.c **** @verbatim
  78:Drivers/STM32L4xx_HAL_Driver/Src/stm32l4xx_hal_i2c_ex.c ****  ===============================================================================
  79:Drivers/STM32L4xx_HAL_Driver/Src/stm32l4xx_hal_i2c_ex.c ****                       ##### Extended features functions #####
  80:Drivers/STM32L4xx_HAL_Driver/Src/stm32l4xx_hal_i2c_ex.c ****  ===============================================================================
  81:Drivers/STM32L4xx_HAL_Driver/Src/stm32l4xx_hal_i2c_ex.c ****     [..] This section provides functions allowing to:
  82:Drivers/STM32L4xx_HAL_Driver/Src/stm32l4xx_hal_i2c_ex.c ****       (+) Configure Noise Filters
  83:Drivers/STM32L4xx_HAL_Driver/Src/stm32l4xx_hal_i2c_ex.c ****       (+) Configure Wake Up Feature
  84:Drivers/STM32L4xx_HAL_Driver/Src/stm32l4xx_hal_i2c_ex.c ****       (+) Configure Fast Mode Plus
  85:Drivers/STM32L4xx_HAL_Driver/Src/stm32l4xx_hal_i2c_ex.c **** 
  86:Drivers/STM32L4xx_HAL_Driver/Src/stm32l4xx_hal_i2c_ex.c **** @endverbatim
ARM GAS  C:\cygwin64\tmp\cc6dh4MN.s 			page 3


  87:Drivers/STM32L4xx_HAL_Driver/Src/stm32l4xx_hal_i2c_ex.c ****   * @{
  88:Drivers/STM32L4xx_HAL_Driver/Src/stm32l4xx_hal_i2c_ex.c ****   */
  89:Drivers/STM32L4xx_HAL_Driver/Src/stm32l4xx_hal_i2c_ex.c **** 
  90:Drivers/STM32L4xx_HAL_Driver/Src/stm32l4xx_hal_i2c_ex.c **** /**
  91:Drivers/STM32L4xx_HAL_Driver/Src/stm32l4xx_hal_i2c_ex.c ****   * @brief  Configure I2C Analog noise filter.
  92:Drivers/STM32L4xx_HAL_Driver/Src/stm32l4xx_hal_i2c_ex.c ****   * @param  hi2c Pointer to a I2C_HandleTypeDef structure that contains
  93:Drivers/STM32L4xx_HAL_Driver/Src/stm32l4xx_hal_i2c_ex.c ****   *                the configuration information for the specified I2Cx peripheral.
  94:Drivers/STM32L4xx_HAL_Driver/Src/stm32l4xx_hal_i2c_ex.c ****   * @param  AnalogFilter New state of the Analog filter.
  95:Drivers/STM32L4xx_HAL_Driver/Src/stm32l4xx_hal_i2c_ex.c ****   * @retval HAL status
  96:Drivers/STM32L4xx_HAL_Driver/Src/stm32l4xx_hal_i2c_ex.c ****   */
  97:Drivers/STM32L4xx_HAL_Driver/Src/stm32l4xx_hal_i2c_ex.c **** HAL_StatusTypeDef HAL_I2CEx_ConfigAnalogFilter(I2C_HandleTypeDef *hi2c, uint32_t AnalogFilter) {
  30              		.loc 1 97 96 view -0
  31              		.cfi_startproc
  32              		@ args = 0, pretend = 0, frame = 0
  33              		@ frame_needed = 0, uses_anonymous_args = 0
  34              		@ link register save eliminated.
  98:Drivers/STM32L4xx_HAL_Driver/Src/stm32l4xx_hal_i2c_ex.c ****     /* Check the parameters */
  99:Drivers/STM32L4xx_HAL_Driver/Src/stm32l4xx_hal_i2c_ex.c ****     assert_param(IS_I2C_ALL_INSTANCE(hi2c->Instance));
  35              		.loc 1 99 5 view .LVU1
 100:Drivers/STM32L4xx_HAL_Driver/Src/stm32l4xx_hal_i2c_ex.c ****     assert_param(IS_I2C_ANALOG_FILTER(AnalogFilter));
  36              		.loc 1 100 5 view .LVU2
 101:Drivers/STM32L4xx_HAL_Driver/Src/stm32l4xx_hal_i2c_ex.c **** 
 102:Drivers/STM32L4xx_HAL_Driver/Src/stm32l4xx_hal_i2c_ex.c ****     if (hi2c->State == HAL_I2C_STATE_READY) {
  37              		.loc 1 102 5 view .LVU3
  38              		.loc 1 102 13 is_stmt 0 view .LVU4
  39 0000 90F84130 		ldrb	r3, [r0, #65]	@ zero_extendqisi2
  40 0004 DBB2     		uxtb	r3, r3
  41              		.loc 1 102 8 view .LVU5
  42 0006 202B     		cmp	r3, #32
  43 0008 24D1     		bne	.L3
 103:Drivers/STM32L4xx_HAL_Driver/Src/stm32l4xx_hal_i2c_ex.c ****         /* Process Locked */
 104:Drivers/STM32L4xx_HAL_Driver/Src/stm32l4xx_hal_i2c_ex.c ****         __HAL_LOCK(hi2c);
  44              		.loc 1 104 9 is_stmt 1 view .LVU6
  45              		.loc 1 104 9 view .LVU7
  46 000a 90F84030 		ldrb	r3, [r0, #64]	@ zero_extendqisi2
  47 000e 012B     		cmp	r3, #1
  48 0010 22D0     		beq	.L4
  49              		.loc 1 104 9 discriminator 2 view .LVU8
  50 0012 0123     		movs	r3, #1
  51 0014 80F84030 		strb	r3, [r0, #64]
  52              		.loc 1 104 9 discriminator 2 view .LVU9
 105:Drivers/STM32L4xx_HAL_Driver/Src/stm32l4xx_hal_i2c_ex.c **** 
 106:Drivers/STM32L4xx_HAL_Driver/Src/stm32l4xx_hal_i2c_ex.c ****         hi2c->State = HAL_I2C_STATE_BUSY;
  53              		.loc 1 106 9 discriminator 2 view .LVU10
  54              		.loc 1 106 21 is_stmt 0 discriminator 2 view .LVU11
  55 0018 2423     		movs	r3, #36
  56 001a 80F84130 		strb	r3, [r0, #65]
 107:Drivers/STM32L4xx_HAL_Driver/Src/stm32l4xx_hal_i2c_ex.c **** 
 108:Drivers/STM32L4xx_HAL_Driver/Src/stm32l4xx_hal_i2c_ex.c ****         /* Disable the selected I2C peripheral */
 109:Drivers/STM32L4xx_HAL_Driver/Src/stm32l4xx_hal_i2c_ex.c ****         __HAL_I2C_DISABLE(hi2c);
  57              		.loc 1 109 9 is_stmt 1 discriminator 2 view .LVU12
  58 001e 0268     		ldr	r2, [r0]
  59 0020 1368     		ldr	r3, [r2]
  60 0022 23F00103 		bic	r3, r3, #1
  61 0026 1360     		str	r3, [r2]
 110:Drivers/STM32L4xx_HAL_Driver/Src/stm32l4xx_hal_i2c_ex.c **** 
 111:Drivers/STM32L4xx_HAL_Driver/Src/stm32l4xx_hal_i2c_ex.c ****         /* Reset I2Cx ANOFF bit */
ARM GAS  C:\cygwin64\tmp\cc6dh4MN.s 			page 4


 112:Drivers/STM32L4xx_HAL_Driver/Src/stm32l4xx_hal_i2c_ex.c ****         hi2c->Instance->CR1 &= ~(I2C_CR1_ANFOFF);
  62              		.loc 1 112 9 discriminator 2 view .LVU13
  63              		.loc 1 112 13 is_stmt 0 discriminator 2 view .LVU14
  64 0028 0268     		ldr	r2, [r0]
  65              		.loc 1 112 29 discriminator 2 view .LVU15
  66 002a 1368     		ldr	r3, [r2]
  67 002c 23F48053 		bic	r3, r3, #4096
  68 0030 1360     		str	r3, [r2]
 113:Drivers/STM32L4xx_HAL_Driver/Src/stm32l4xx_hal_i2c_ex.c **** 
 114:Drivers/STM32L4xx_HAL_Driver/Src/stm32l4xx_hal_i2c_ex.c ****         /* Set analog filter bit*/
 115:Drivers/STM32L4xx_HAL_Driver/Src/stm32l4xx_hal_i2c_ex.c ****         hi2c->Instance->CR1 |= AnalogFilter;
  69              		.loc 1 115 9 is_stmt 1 discriminator 2 view .LVU16
  70              		.loc 1 115 13 is_stmt 0 discriminator 2 view .LVU17
  71 0032 0268     		ldr	r2, [r0]
  72              		.loc 1 115 29 discriminator 2 view .LVU18
  73 0034 1368     		ldr	r3, [r2]
  74 0036 1943     		orrs	r1, r1, r3
  75              	.LVL1:
  76              		.loc 1 115 29 discriminator 2 view .LVU19
  77 0038 1160     		str	r1, [r2]
 116:Drivers/STM32L4xx_HAL_Driver/Src/stm32l4xx_hal_i2c_ex.c **** 
 117:Drivers/STM32L4xx_HAL_Driver/Src/stm32l4xx_hal_i2c_ex.c ****         __HAL_I2C_ENABLE(hi2c);
  78              		.loc 1 117 9 is_stmt 1 discriminator 2 view .LVU20
  79 003a 0268     		ldr	r2, [r0]
  80 003c 1368     		ldr	r3, [r2]
  81 003e 43F00103 		orr	r3, r3, #1
  82 0042 1360     		str	r3, [r2]
 118:Drivers/STM32L4xx_HAL_Driver/Src/stm32l4xx_hal_i2c_ex.c **** 
 119:Drivers/STM32L4xx_HAL_Driver/Src/stm32l4xx_hal_i2c_ex.c ****         hi2c->State = HAL_I2C_STATE_READY;
  83              		.loc 1 119 9 discriminator 2 view .LVU21
  84              		.loc 1 119 21 is_stmt 0 discriminator 2 view .LVU22
  85 0044 2023     		movs	r3, #32
  86 0046 80F84130 		strb	r3, [r0, #65]
 120:Drivers/STM32L4xx_HAL_Driver/Src/stm32l4xx_hal_i2c_ex.c **** 
 121:Drivers/STM32L4xx_HAL_Driver/Src/stm32l4xx_hal_i2c_ex.c ****         /* Process Unlocked */
 122:Drivers/STM32L4xx_HAL_Driver/Src/stm32l4xx_hal_i2c_ex.c ****         __HAL_UNLOCK(hi2c);
  87              		.loc 1 122 9 is_stmt 1 discriminator 2 view .LVU23
  88              		.loc 1 122 9 discriminator 2 view .LVU24
  89 004a 0023     		movs	r3, #0
  90 004c 80F84030 		strb	r3, [r0, #64]
  91              		.loc 1 122 9 discriminator 2 view .LVU25
 123:Drivers/STM32L4xx_HAL_Driver/Src/stm32l4xx_hal_i2c_ex.c **** 
 124:Drivers/STM32L4xx_HAL_Driver/Src/stm32l4xx_hal_i2c_ex.c ****         return HAL_OK;
  92              		.loc 1 124 9 discriminator 2 view .LVU26
  93              		.loc 1 124 16 is_stmt 0 discriminator 2 view .LVU27
  94 0050 1846     		mov	r0, r3
  95              	.LVL2:
  96              		.loc 1 124 16 discriminator 2 view .LVU28
  97 0052 7047     		bx	lr
  98              	.LVL3:
  99              	.L3:
 125:Drivers/STM32L4xx_HAL_Driver/Src/stm32l4xx_hal_i2c_ex.c ****     } else {
 126:Drivers/STM32L4xx_HAL_Driver/Src/stm32l4xx_hal_i2c_ex.c ****         return HAL_BUSY;
 100              		.loc 1 126 16 view .LVU29
 101 0054 0220     		movs	r0, #2
 102              	.LVL4:
 103              		.loc 1 126 16 view .LVU30
ARM GAS  C:\cygwin64\tmp\cc6dh4MN.s 			page 5


 104 0056 7047     		bx	lr
 105              	.LVL5:
 106              	.L4:
 104:Drivers/STM32L4xx_HAL_Driver/Src/stm32l4xx_hal_i2c_ex.c **** 
 107              		.loc 1 104 9 view .LVU31
 108 0058 0220     		movs	r0, #2
 109              	.LVL6:
 127:Drivers/STM32L4xx_HAL_Driver/Src/stm32l4xx_hal_i2c_ex.c ****     }
 128:Drivers/STM32L4xx_HAL_Driver/Src/stm32l4xx_hal_i2c_ex.c **** }
 110              		.loc 1 128 1 view .LVU32
 111 005a 7047     		bx	lr
 112              		.cfi_endproc
 113              	.LFE132:
 115              		.section	.text.HAL_I2CEx_ConfigDigitalFilter,"ax",%progbits
 116              		.align	1
 117              		.global	HAL_I2CEx_ConfigDigitalFilter
 118              		.syntax unified
 119              		.thumb
 120              		.thumb_func
 121              		.fpu fpv4-sp-d16
 123              	HAL_I2CEx_ConfigDigitalFilter:
 124              	.LVL7:
 125              	.LFB133:
 129:Drivers/STM32L4xx_HAL_Driver/Src/stm32l4xx_hal_i2c_ex.c **** 
 130:Drivers/STM32L4xx_HAL_Driver/Src/stm32l4xx_hal_i2c_ex.c **** /**
 131:Drivers/STM32L4xx_HAL_Driver/Src/stm32l4xx_hal_i2c_ex.c ****   * @brief  Configure I2C Digital noise filter.
 132:Drivers/STM32L4xx_HAL_Driver/Src/stm32l4xx_hal_i2c_ex.c ****   * @param  hi2c Pointer to a I2C_HandleTypeDef structure that contains
 133:Drivers/STM32L4xx_HAL_Driver/Src/stm32l4xx_hal_i2c_ex.c ****   *                the configuration information for the specified I2Cx peripheral.
 134:Drivers/STM32L4xx_HAL_Driver/Src/stm32l4xx_hal_i2c_ex.c ****   * @param  DigitalFilter Coefficient of digital noise filter between Min_Data=0x00 and Max_Data=0x
 135:Drivers/STM32L4xx_HAL_Driver/Src/stm32l4xx_hal_i2c_ex.c ****   * @retval HAL status
 136:Drivers/STM32L4xx_HAL_Driver/Src/stm32l4xx_hal_i2c_ex.c ****   */
 137:Drivers/STM32L4xx_HAL_Driver/Src/stm32l4xx_hal_i2c_ex.c **** HAL_StatusTypeDef HAL_I2CEx_ConfigDigitalFilter(I2C_HandleTypeDef *hi2c, uint32_t DigitalFilter) {
 126              		.loc 1 137 98 is_stmt 1 view -0
 127              		.cfi_startproc
 128              		@ args = 0, pretend = 0, frame = 0
 129              		@ frame_needed = 0, uses_anonymous_args = 0
 130              		@ link register save eliminated.
 138:Drivers/STM32L4xx_HAL_Driver/Src/stm32l4xx_hal_i2c_ex.c ****     uint32_t tmpreg;
 131              		.loc 1 138 5 view .LVU34
 139:Drivers/STM32L4xx_HAL_Driver/Src/stm32l4xx_hal_i2c_ex.c **** 
 140:Drivers/STM32L4xx_HAL_Driver/Src/stm32l4xx_hal_i2c_ex.c ****     /* Check the parameters */
 141:Drivers/STM32L4xx_HAL_Driver/Src/stm32l4xx_hal_i2c_ex.c ****     assert_param(IS_I2C_ALL_INSTANCE(hi2c->Instance));
 132              		.loc 1 141 5 view .LVU35
 142:Drivers/STM32L4xx_HAL_Driver/Src/stm32l4xx_hal_i2c_ex.c ****     assert_param(IS_I2C_DIGITAL_FILTER(DigitalFilter));
 133              		.loc 1 142 5 view .LVU36
 143:Drivers/STM32L4xx_HAL_Driver/Src/stm32l4xx_hal_i2c_ex.c **** 
 144:Drivers/STM32L4xx_HAL_Driver/Src/stm32l4xx_hal_i2c_ex.c ****     if (hi2c->State == HAL_I2C_STATE_READY) {
 134              		.loc 1 144 5 view .LVU37
 135              		.loc 1 144 13 is_stmt 0 view .LVU38
 136 0000 90F84130 		ldrb	r3, [r0, #65]	@ zero_extendqisi2
 137 0004 DBB2     		uxtb	r3, r3
 138              		.loc 1 144 8 view .LVU39
 139 0006 202B     		cmp	r3, #32
 140 0008 22D1     		bne	.L7
 145:Drivers/STM32L4xx_HAL_Driver/Src/stm32l4xx_hal_i2c_ex.c ****         /* Process Locked */
 146:Drivers/STM32L4xx_HAL_Driver/Src/stm32l4xx_hal_i2c_ex.c ****         __HAL_LOCK(hi2c);
 141              		.loc 1 146 9 is_stmt 1 view .LVU40
ARM GAS  C:\cygwin64\tmp\cc6dh4MN.s 			page 6


 142              		.loc 1 146 9 view .LVU41
 143 000a 90F84030 		ldrb	r3, [r0, #64]	@ zero_extendqisi2
 144 000e 012B     		cmp	r3, #1
 145 0010 20D0     		beq	.L8
 146              		.loc 1 146 9 discriminator 2 view .LVU42
 147 0012 0123     		movs	r3, #1
 148 0014 80F84030 		strb	r3, [r0, #64]
 149              		.loc 1 146 9 discriminator 2 view .LVU43
 147:Drivers/STM32L4xx_HAL_Driver/Src/stm32l4xx_hal_i2c_ex.c **** 
 148:Drivers/STM32L4xx_HAL_Driver/Src/stm32l4xx_hal_i2c_ex.c ****         hi2c->State = HAL_I2C_STATE_BUSY;
 150              		.loc 1 148 9 discriminator 2 view .LVU44
 151              		.loc 1 148 21 is_stmt 0 discriminator 2 view .LVU45
 152 0018 2423     		movs	r3, #36
 153 001a 80F84130 		strb	r3, [r0, #65]
 149:Drivers/STM32L4xx_HAL_Driver/Src/stm32l4xx_hal_i2c_ex.c **** 
 150:Drivers/STM32L4xx_HAL_Driver/Src/stm32l4xx_hal_i2c_ex.c ****         /* Disable the selected I2C peripheral */
 151:Drivers/STM32L4xx_HAL_Driver/Src/stm32l4xx_hal_i2c_ex.c ****         __HAL_I2C_DISABLE(hi2c);
 154              		.loc 1 151 9 is_stmt 1 discriminator 2 view .LVU46
 155 001e 0268     		ldr	r2, [r0]
 156 0020 1368     		ldr	r3, [r2]
 157 0022 23F00103 		bic	r3, r3, #1
 158 0026 1360     		str	r3, [r2]
 152:Drivers/STM32L4xx_HAL_Driver/Src/stm32l4xx_hal_i2c_ex.c **** 
 153:Drivers/STM32L4xx_HAL_Driver/Src/stm32l4xx_hal_i2c_ex.c ****         /* Get the old register value */
 154:Drivers/STM32L4xx_HAL_Driver/Src/stm32l4xx_hal_i2c_ex.c ****         tmpreg = hi2c->Instance->CR1;
 159              		.loc 1 154 9 discriminator 2 view .LVU47
 160              		.loc 1 154 22 is_stmt 0 discriminator 2 view .LVU48
 161 0028 0268     		ldr	r2, [r0]
 162              		.loc 1 154 16 discriminator 2 view .LVU49
 163 002a 1368     		ldr	r3, [r2]
 164              	.LVL8:
 155:Drivers/STM32L4xx_HAL_Driver/Src/stm32l4xx_hal_i2c_ex.c **** 
 156:Drivers/STM32L4xx_HAL_Driver/Src/stm32l4xx_hal_i2c_ex.c ****         /* Reset I2Cx DNF bits [11:8] */
 157:Drivers/STM32L4xx_HAL_Driver/Src/stm32l4xx_hal_i2c_ex.c ****         tmpreg &= ~(I2C_CR1_DNF);
 165              		.loc 1 157 9 is_stmt 1 discriminator 2 view .LVU50
 166              		.loc 1 157 16 is_stmt 0 discriminator 2 view .LVU51
 167 002c 23F47063 		bic	r3, r3, #3840
 168              	.LVL9:
 158:Drivers/STM32L4xx_HAL_Driver/Src/stm32l4xx_hal_i2c_ex.c **** 
 159:Drivers/STM32L4xx_HAL_Driver/Src/stm32l4xx_hal_i2c_ex.c ****         /* Set I2Cx DNF coefficient */
 160:Drivers/STM32L4xx_HAL_Driver/Src/stm32l4xx_hal_i2c_ex.c ****         tmpreg |= DigitalFilter << 8U;
 169              		.loc 1 160 9 is_stmt 1 discriminator 2 view .LVU52
 170              		.loc 1 160 16 is_stmt 0 discriminator 2 view .LVU53
 171 0030 43EA0121 		orr	r1, r3, r1, lsl #8
 172              	.LVL10:
 161:Drivers/STM32L4xx_HAL_Driver/Src/stm32l4xx_hal_i2c_ex.c **** 
 162:Drivers/STM32L4xx_HAL_Driver/Src/stm32l4xx_hal_i2c_ex.c ****         /* Store the new register value */
 163:Drivers/STM32L4xx_HAL_Driver/Src/stm32l4xx_hal_i2c_ex.c ****         hi2c->Instance->CR1 = tmpreg;
 173              		.loc 1 163 9 is_stmt 1 discriminator 2 view .LVU54
 174              		.loc 1 163 29 is_stmt 0 discriminator 2 view .LVU55
 175 0034 1160     		str	r1, [r2]
 164:Drivers/STM32L4xx_HAL_Driver/Src/stm32l4xx_hal_i2c_ex.c **** 
 165:Drivers/STM32L4xx_HAL_Driver/Src/stm32l4xx_hal_i2c_ex.c ****         __HAL_I2C_ENABLE(hi2c);
 176              		.loc 1 165 9 is_stmt 1 discriminator 2 view .LVU56
 177 0036 0268     		ldr	r2, [r0]
 178 0038 1368     		ldr	r3, [r2]
 179 003a 43F00103 		orr	r3, r3, #1
ARM GAS  C:\cygwin64\tmp\cc6dh4MN.s 			page 7


 180 003e 1360     		str	r3, [r2]
 166:Drivers/STM32L4xx_HAL_Driver/Src/stm32l4xx_hal_i2c_ex.c **** 
 167:Drivers/STM32L4xx_HAL_Driver/Src/stm32l4xx_hal_i2c_ex.c ****         hi2c->State = HAL_I2C_STATE_READY;
 181              		.loc 1 167 9 discriminator 2 view .LVU57
 182              		.loc 1 167 21 is_stmt 0 discriminator 2 view .LVU58
 183 0040 2023     		movs	r3, #32
 184 0042 80F84130 		strb	r3, [r0, #65]
 168:Drivers/STM32L4xx_HAL_Driver/Src/stm32l4xx_hal_i2c_ex.c **** 
 169:Drivers/STM32L4xx_HAL_Driver/Src/stm32l4xx_hal_i2c_ex.c ****         /* Process Unlocked */
 170:Drivers/STM32L4xx_HAL_Driver/Src/stm32l4xx_hal_i2c_ex.c ****         __HAL_UNLOCK(hi2c);
 185              		.loc 1 170 9 is_stmt 1 discriminator 2 view .LVU59
 186              		.loc 1 170 9 discriminator 2 view .LVU60
 187 0046 0023     		movs	r3, #0
 188 0048 80F84030 		strb	r3, [r0, #64]
 189              		.loc 1 170 9 discriminator 2 view .LVU61
 171:Drivers/STM32L4xx_HAL_Driver/Src/stm32l4xx_hal_i2c_ex.c **** 
 172:Drivers/STM32L4xx_HAL_Driver/Src/stm32l4xx_hal_i2c_ex.c ****         return HAL_OK;
 190              		.loc 1 172 9 discriminator 2 view .LVU62
 191              		.loc 1 172 16 is_stmt 0 discriminator 2 view .LVU63
 192 004c 1846     		mov	r0, r3
 193              	.LVL11:
 194              		.loc 1 172 16 discriminator 2 view .LVU64
 195 004e 7047     		bx	lr
 196              	.LVL12:
 197              	.L7:
 173:Drivers/STM32L4xx_HAL_Driver/Src/stm32l4xx_hal_i2c_ex.c ****     } else {
 174:Drivers/STM32L4xx_HAL_Driver/Src/stm32l4xx_hal_i2c_ex.c ****         return HAL_BUSY;
 198              		.loc 1 174 16 view .LVU65
 199 0050 0220     		movs	r0, #2
 200              	.LVL13:
 201              		.loc 1 174 16 view .LVU66
 202 0052 7047     		bx	lr
 203              	.LVL14:
 204              	.L8:
 146:Drivers/STM32L4xx_HAL_Driver/Src/stm32l4xx_hal_i2c_ex.c **** 
 205              		.loc 1 146 9 view .LVU67
 206 0054 0220     		movs	r0, #2
 207              	.LVL15:
 175:Drivers/STM32L4xx_HAL_Driver/Src/stm32l4xx_hal_i2c_ex.c ****     }
 176:Drivers/STM32L4xx_HAL_Driver/Src/stm32l4xx_hal_i2c_ex.c **** }
 208              		.loc 1 176 1 view .LVU68
 209 0056 7047     		bx	lr
 210              		.cfi_endproc
 211              	.LFE133:
 213              		.section	.text.HAL_I2CEx_EnableWakeUp,"ax",%progbits
 214              		.align	1
 215              		.global	HAL_I2CEx_EnableWakeUp
 216              		.syntax unified
 217              		.thumb
 218              		.thumb_func
 219              		.fpu fpv4-sp-d16
 221              	HAL_I2CEx_EnableWakeUp:
 222              	.LVL16:
 223              	.LFB134:
 177:Drivers/STM32L4xx_HAL_Driver/Src/stm32l4xx_hal_i2c_ex.c **** 
 178:Drivers/STM32L4xx_HAL_Driver/Src/stm32l4xx_hal_i2c_ex.c **** /**
 179:Drivers/STM32L4xx_HAL_Driver/Src/stm32l4xx_hal_i2c_ex.c ****   * @brief  Enable I2C wakeup from Stop mode(s).
ARM GAS  C:\cygwin64\tmp\cc6dh4MN.s 			page 8


 180:Drivers/STM32L4xx_HAL_Driver/Src/stm32l4xx_hal_i2c_ex.c ****   * @param  hi2c Pointer to a I2C_HandleTypeDef structure that contains
 181:Drivers/STM32L4xx_HAL_Driver/Src/stm32l4xx_hal_i2c_ex.c ****   *                the configuration information for the specified I2Cx peripheral.
 182:Drivers/STM32L4xx_HAL_Driver/Src/stm32l4xx_hal_i2c_ex.c ****   * @retval HAL status
 183:Drivers/STM32L4xx_HAL_Driver/Src/stm32l4xx_hal_i2c_ex.c ****   */
 184:Drivers/STM32L4xx_HAL_Driver/Src/stm32l4xx_hal_i2c_ex.c **** HAL_StatusTypeDef HAL_I2CEx_EnableWakeUp(I2C_HandleTypeDef *hi2c) {
 224              		.loc 1 184 67 is_stmt 1 view -0
 225              		.cfi_startproc
 226              		@ args = 0, pretend = 0, frame = 0
 227              		@ frame_needed = 0, uses_anonymous_args = 0
 228              		@ link register save eliminated.
 185:Drivers/STM32L4xx_HAL_Driver/Src/stm32l4xx_hal_i2c_ex.c ****     /* Check the parameters */
 186:Drivers/STM32L4xx_HAL_Driver/Src/stm32l4xx_hal_i2c_ex.c ****     assert_param(IS_I2C_WAKEUP_FROMSTOP_INSTANCE(hi2c->Instance));
 229              		.loc 1 186 5 view .LVU70
 187:Drivers/STM32L4xx_HAL_Driver/Src/stm32l4xx_hal_i2c_ex.c **** 
 188:Drivers/STM32L4xx_HAL_Driver/Src/stm32l4xx_hal_i2c_ex.c ****     if (hi2c->State == HAL_I2C_STATE_READY) {
 230              		.loc 1 188 5 view .LVU71
 231              		.loc 1 188 13 is_stmt 0 view .LVU72
 232 0000 90F84130 		ldrb	r3, [r0, #65]	@ zero_extendqisi2
 233 0004 DBB2     		uxtb	r3, r3
 234              		.loc 1 188 8 view .LVU73
 235 0006 202B     		cmp	r3, #32
 236 0008 20D1     		bne	.L11
 189:Drivers/STM32L4xx_HAL_Driver/Src/stm32l4xx_hal_i2c_ex.c ****         /* Process Locked */
 190:Drivers/STM32L4xx_HAL_Driver/Src/stm32l4xx_hal_i2c_ex.c ****         __HAL_LOCK(hi2c);
 237              		.loc 1 190 9 is_stmt 1 view .LVU74
 238              		.loc 1 190 9 view .LVU75
 239 000a 90F84030 		ldrb	r3, [r0, #64]	@ zero_extendqisi2
 240 000e 012B     		cmp	r3, #1
 241 0010 1ED0     		beq	.L12
 242              		.loc 1 190 9 discriminator 2 view .LVU76
 243 0012 0123     		movs	r3, #1
 244 0014 80F84030 		strb	r3, [r0, #64]
 245              		.loc 1 190 9 discriminator 2 view .LVU77
 191:Drivers/STM32L4xx_HAL_Driver/Src/stm32l4xx_hal_i2c_ex.c **** 
 192:Drivers/STM32L4xx_HAL_Driver/Src/stm32l4xx_hal_i2c_ex.c ****         hi2c->State = HAL_I2C_STATE_BUSY;
 246              		.loc 1 192 9 discriminator 2 view .LVU78
 247              		.loc 1 192 21 is_stmt 0 discriminator 2 view .LVU79
 248 0018 2423     		movs	r3, #36
 249 001a 80F84130 		strb	r3, [r0, #65]
 193:Drivers/STM32L4xx_HAL_Driver/Src/stm32l4xx_hal_i2c_ex.c **** 
 194:Drivers/STM32L4xx_HAL_Driver/Src/stm32l4xx_hal_i2c_ex.c ****         /* Disable the selected I2C peripheral */
 195:Drivers/STM32L4xx_HAL_Driver/Src/stm32l4xx_hal_i2c_ex.c ****         __HAL_I2C_DISABLE(hi2c);
 250              		.loc 1 195 9 is_stmt 1 discriminator 2 view .LVU80
 251 001e 0268     		ldr	r2, [r0]
 252 0020 1368     		ldr	r3, [r2]
 253 0022 23F00103 		bic	r3, r3, #1
 254 0026 1360     		str	r3, [r2]
 196:Drivers/STM32L4xx_HAL_Driver/Src/stm32l4xx_hal_i2c_ex.c **** 
 197:Drivers/STM32L4xx_HAL_Driver/Src/stm32l4xx_hal_i2c_ex.c ****         /* Enable wakeup from stop mode */
 198:Drivers/STM32L4xx_HAL_Driver/Src/stm32l4xx_hal_i2c_ex.c ****         hi2c->Instance->CR1 |= I2C_CR1_WUPEN;
 255              		.loc 1 198 9 discriminator 2 view .LVU81
 256              		.loc 1 198 13 is_stmt 0 discriminator 2 view .LVU82
 257 0028 0268     		ldr	r2, [r0]
 258              		.loc 1 198 29 discriminator 2 view .LVU83
 259 002a 1368     		ldr	r3, [r2]
 260 002c 43F48023 		orr	r3, r3, #262144
 261 0030 1360     		str	r3, [r2]
ARM GAS  C:\cygwin64\tmp\cc6dh4MN.s 			page 9


 199:Drivers/STM32L4xx_HAL_Driver/Src/stm32l4xx_hal_i2c_ex.c **** 
 200:Drivers/STM32L4xx_HAL_Driver/Src/stm32l4xx_hal_i2c_ex.c ****         __HAL_I2C_ENABLE(hi2c);
 262              		.loc 1 200 9 is_stmt 1 discriminator 2 view .LVU84
 263 0032 0268     		ldr	r2, [r0]
 264 0034 1368     		ldr	r3, [r2]
 265 0036 43F00103 		orr	r3, r3, #1
 266 003a 1360     		str	r3, [r2]
 201:Drivers/STM32L4xx_HAL_Driver/Src/stm32l4xx_hal_i2c_ex.c **** 
 202:Drivers/STM32L4xx_HAL_Driver/Src/stm32l4xx_hal_i2c_ex.c ****         hi2c->State = HAL_I2C_STATE_READY;
 267              		.loc 1 202 9 discriminator 2 view .LVU85
 268              		.loc 1 202 21 is_stmt 0 discriminator 2 view .LVU86
 269 003c 2023     		movs	r3, #32
 270 003e 80F84130 		strb	r3, [r0, #65]
 203:Drivers/STM32L4xx_HAL_Driver/Src/stm32l4xx_hal_i2c_ex.c **** 
 204:Drivers/STM32L4xx_HAL_Driver/Src/stm32l4xx_hal_i2c_ex.c ****         /* Process Unlocked */
 205:Drivers/STM32L4xx_HAL_Driver/Src/stm32l4xx_hal_i2c_ex.c ****         __HAL_UNLOCK(hi2c);
 271              		.loc 1 205 9 is_stmt 1 discriminator 2 view .LVU87
 272              		.loc 1 205 9 discriminator 2 view .LVU88
 273 0042 0023     		movs	r3, #0
 274 0044 80F84030 		strb	r3, [r0, #64]
 275              		.loc 1 205 9 discriminator 2 view .LVU89
 206:Drivers/STM32L4xx_HAL_Driver/Src/stm32l4xx_hal_i2c_ex.c **** 
 207:Drivers/STM32L4xx_HAL_Driver/Src/stm32l4xx_hal_i2c_ex.c ****         return HAL_OK;
 276              		.loc 1 207 9 discriminator 2 view .LVU90
 277              		.loc 1 207 16 is_stmt 0 discriminator 2 view .LVU91
 278 0048 1846     		mov	r0, r3
 279              	.LVL17:
 280              		.loc 1 207 16 discriminator 2 view .LVU92
 281 004a 7047     		bx	lr
 282              	.LVL18:
 283              	.L11:
 208:Drivers/STM32L4xx_HAL_Driver/Src/stm32l4xx_hal_i2c_ex.c ****     } else {
 209:Drivers/STM32L4xx_HAL_Driver/Src/stm32l4xx_hal_i2c_ex.c ****         return HAL_BUSY;
 284              		.loc 1 209 16 view .LVU93
 285 004c 0220     		movs	r0, #2
 286              	.LVL19:
 287              		.loc 1 209 16 view .LVU94
 288 004e 7047     		bx	lr
 289              	.LVL20:
 290              	.L12:
 190:Drivers/STM32L4xx_HAL_Driver/Src/stm32l4xx_hal_i2c_ex.c **** 
 291              		.loc 1 190 9 view .LVU95
 292 0050 0220     		movs	r0, #2
 293              	.LVL21:
 210:Drivers/STM32L4xx_HAL_Driver/Src/stm32l4xx_hal_i2c_ex.c ****     }
 211:Drivers/STM32L4xx_HAL_Driver/Src/stm32l4xx_hal_i2c_ex.c **** }
 294              		.loc 1 211 1 view .LVU96
 295 0052 7047     		bx	lr
 296              		.cfi_endproc
 297              	.LFE134:
 299              		.section	.text.HAL_I2CEx_DisableWakeUp,"ax",%progbits
 300              		.align	1
 301              		.global	HAL_I2CEx_DisableWakeUp
 302              		.syntax unified
 303              		.thumb
 304              		.thumb_func
 305              		.fpu fpv4-sp-d16
ARM GAS  C:\cygwin64\tmp\cc6dh4MN.s 			page 10


 307              	HAL_I2CEx_DisableWakeUp:
 308              	.LVL22:
 309              	.LFB135:
 212:Drivers/STM32L4xx_HAL_Driver/Src/stm32l4xx_hal_i2c_ex.c **** 
 213:Drivers/STM32L4xx_HAL_Driver/Src/stm32l4xx_hal_i2c_ex.c **** /**
 214:Drivers/STM32L4xx_HAL_Driver/Src/stm32l4xx_hal_i2c_ex.c ****   * @brief  Disable I2C wakeup from Stop mode(s).
 215:Drivers/STM32L4xx_HAL_Driver/Src/stm32l4xx_hal_i2c_ex.c ****   * @param  hi2c Pointer to a I2C_HandleTypeDef structure that contains
 216:Drivers/STM32L4xx_HAL_Driver/Src/stm32l4xx_hal_i2c_ex.c ****   *                the configuration information for the specified I2Cx peripheral.
 217:Drivers/STM32L4xx_HAL_Driver/Src/stm32l4xx_hal_i2c_ex.c ****   * @retval HAL status
 218:Drivers/STM32L4xx_HAL_Driver/Src/stm32l4xx_hal_i2c_ex.c ****   */
 219:Drivers/STM32L4xx_HAL_Driver/Src/stm32l4xx_hal_i2c_ex.c **** HAL_StatusTypeDef HAL_I2CEx_DisableWakeUp(I2C_HandleTypeDef *hi2c) {
 310              		.loc 1 219 68 is_stmt 1 view -0
 311              		.cfi_startproc
 312              		@ args = 0, pretend = 0, frame = 0
 313              		@ frame_needed = 0, uses_anonymous_args = 0
 314              		@ link register save eliminated.
 220:Drivers/STM32L4xx_HAL_Driver/Src/stm32l4xx_hal_i2c_ex.c ****     /* Check the parameters */
 221:Drivers/STM32L4xx_HAL_Driver/Src/stm32l4xx_hal_i2c_ex.c ****     assert_param(IS_I2C_WAKEUP_FROMSTOP_INSTANCE(hi2c->Instance));
 315              		.loc 1 221 5 view .LVU98
 222:Drivers/STM32L4xx_HAL_Driver/Src/stm32l4xx_hal_i2c_ex.c **** 
 223:Drivers/STM32L4xx_HAL_Driver/Src/stm32l4xx_hal_i2c_ex.c ****     if (hi2c->State == HAL_I2C_STATE_READY) {
 316              		.loc 1 223 5 view .LVU99
 317              		.loc 1 223 13 is_stmt 0 view .LVU100
 318 0000 90F84130 		ldrb	r3, [r0, #65]	@ zero_extendqisi2
 319 0004 DBB2     		uxtb	r3, r3
 320              		.loc 1 223 8 view .LVU101
 321 0006 202B     		cmp	r3, #32
 322 0008 20D1     		bne	.L15
 224:Drivers/STM32L4xx_HAL_Driver/Src/stm32l4xx_hal_i2c_ex.c ****         /* Process Locked */
 225:Drivers/STM32L4xx_HAL_Driver/Src/stm32l4xx_hal_i2c_ex.c ****         __HAL_LOCK(hi2c);
 323              		.loc 1 225 9 is_stmt 1 view .LVU102
 324              		.loc 1 225 9 view .LVU103
 325 000a 90F84030 		ldrb	r3, [r0, #64]	@ zero_extendqisi2
 326 000e 012B     		cmp	r3, #1
 327 0010 1ED0     		beq	.L16
 328              		.loc 1 225 9 discriminator 2 view .LVU104
 329 0012 0123     		movs	r3, #1
 330 0014 80F84030 		strb	r3, [r0, #64]
 331              		.loc 1 225 9 discriminator 2 view .LVU105
 226:Drivers/STM32L4xx_HAL_Driver/Src/stm32l4xx_hal_i2c_ex.c **** 
 227:Drivers/STM32L4xx_HAL_Driver/Src/stm32l4xx_hal_i2c_ex.c ****         hi2c->State = HAL_I2C_STATE_BUSY;
 332              		.loc 1 227 9 discriminator 2 view .LVU106
 333              		.loc 1 227 21 is_stmt 0 discriminator 2 view .LVU107
 334 0018 2423     		movs	r3, #36
 335 001a 80F84130 		strb	r3, [r0, #65]
 228:Drivers/STM32L4xx_HAL_Driver/Src/stm32l4xx_hal_i2c_ex.c **** 
 229:Drivers/STM32L4xx_HAL_Driver/Src/stm32l4xx_hal_i2c_ex.c ****         /* Disable the selected I2C peripheral */
 230:Drivers/STM32L4xx_HAL_Driver/Src/stm32l4xx_hal_i2c_ex.c ****         __HAL_I2C_DISABLE(hi2c);
 336              		.loc 1 230 9 is_stmt 1 discriminator 2 view .LVU108
 337 001e 0268     		ldr	r2, [r0]
 338 0020 1368     		ldr	r3, [r2]
 339 0022 23F00103 		bic	r3, r3, #1
 340 0026 1360     		str	r3, [r2]
 231:Drivers/STM32L4xx_HAL_Driver/Src/stm32l4xx_hal_i2c_ex.c **** 
 232:Drivers/STM32L4xx_HAL_Driver/Src/stm32l4xx_hal_i2c_ex.c ****         /* Enable wakeup from stop mode */
 233:Drivers/STM32L4xx_HAL_Driver/Src/stm32l4xx_hal_i2c_ex.c ****         hi2c->Instance->CR1 &= ~(I2C_CR1_WUPEN);
 341              		.loc 1 233 9 discriminator 2 view .LVU109
ARM GAS  C:\cygwin64\tmp\cc6dh4MN.s 			page 11


 342              		.loc 1 233 13 is_stmt 0 discriminator 2 view .LVU110
 343 0028 0268     		ldr	r2, [r0]
 344              		.loc 1 233 29 discriminator 2 view .LVU111
 345 002a 1368     		ldr	r3, [r2]
 346 002c 23F48023 		bic	r3, r3, #262144
 347 0030 1360     		str	r3, [r2]
 234:Drivers/STM32L4xx_HAL_Driver/Src/stm32l4xx_hal_i2c_ex.c **** 
 235:Drivers/STM32L4xx_HAL_Driver/Src/stm32l4xx_hal_i2c_ex.c ****         __HAL_I2C_ENABLE(hi2c);
 348              		.loc 1 235 9 is_stmt 1 discriminator 2 view .LVU112
 349 0032 0268     		ldr	r2, [r0]
 350 0034 1368     		ldr	r3, [r2]
 351 0036 43F00103 		orr	r3, r3, #1
 352 003a 1360     		str	r3, [r2]
 236:Drivers/STM32L4xx_HAL_Driver/Src/stm32l4xx_hal_i2c_ex.c **** 
 237:Drivers/STM32L4xx_HAL_Driver/Src/stm32l4xx_hal_i2c_ex.c ****         hi2c->State = HAL_I2C_STATE_READY;
 353              		.loc 1 237 9 discriminator 2 view .LVU113
 354              		.loc 1 237 21 is_stmt 0 discriminator 2 view .LVU114
 355 003c 2023     		movs	r3, #32
 356 003e 80F84130 		strb	r3, [r0, #65]
 238:Drivers/STM32L4xx_HAL_Driver/Src/stm32l4xx_hal_i2c_ex.c **** 
 239:Drivers/STM32L4xx_HAL_Driver/Src/stm32l4xx_hal_i2c_ex.c ****         /* Process Unlocked */
 240:Drivers/STM32L4xx_HAL_Driver/Src/stm32l4xx_hal_i2c_ex.c ****         __HAL_UNLOCK(hi2c);
 357              		.loc 1 240 9 is_stmt 1 discriminator 2 view .LVU115
 358              		.loc 1 240 9 discriminator 2 view .LVU116
 359 0042 0023     		movs	r3, #0
 360 0044 80F84030 		strb	r3, [r0, #64]
 361              		.loc 1 240 9 discriminator 2 view .LVU117
 241:Drivers/STM32L4xx_HAL_Driver/Src/stm32l4xx_hal_i2c_ex.c **** 
 242:Drivers/STM32L4xx_HAL_Driver/Src/stm32l4xx_hal_i2c_ex.c ****         return HAL_OK;
 362              		.loc 1 242 9 discriminator 2 view .LVU118
 363              		.loc 1 242 16 is_stmt 0 discriminator 2 view .LVU119
 364 0048 1846     		mov	r0, r3
 365              	.LVL23:
 366              		.loc 1 242 16 discriminator 2 view .LVU120
 367 004a 7047     		bx	lr
 368              	.LVL24:
 369              	.L15:
 243:Drivers/STM32L4xx_HAL_Driver/Src/stm32l4xx_hal_i2c_ex.c ****     } else {
 244:Drivers/STM32L4xx_HAL_Driver/Src/stm32l4xx_hal_i2c_ex.c ****         return HAL_BUSY;
 370              		.loc 1 244 16 view .LVU121
 371 004c 0220     		movs	r0, #2
 372              	.LVL25:
 373              		.loc 1 244 16 view .LVU122
 374 004e 7047     		bx	lr
 375              	.LVL26:
 376              	.L16:
 225:Drivers/STM32L4xx_HAL_Driver/Src/stm32l4xx_hal_i2c_ex.c **** 
 377              		.loc 1 225 9 view .LVU123
 378 0050 0220     		movs	r0, #2
 379              	.LVL27:
 245:Drivers/STM32L4xx_HAL_Driver/Src/stm32l4xx_hal_i2c_ex.c ****     }
 246:Drivers/STM32L4xx_HAL_Driver/Src/stm32l4xx_hal_i2c_ex.c **** }
 380              		.loc 1 246 1 view .LVU124
 381 0052 7047     		bx	lr
 382              		.cfi_endproc
 383              	.LFE135:
 385              		.section	.text.HAL_I2CEx_EnableFastModePlus,"ax",%progbits
ARM GAS  C:\cygwin64\tmp\cc6dh4MN.s 			page 12


 386              		.align	1
 387              		.global	HAL_I2CEx_EnableFastModePlus
 388              		.syntax unified
 389              		.thumb
 390              		.thumb_func
 391              		.fpu fpv4-sp-d16
 393              	HAL_I2CEx_EnableFastModePlus:
 394              	.LVL28:
 395              	.LFB136:
 247:Drivers/STM32L4xx_HAL_Driver/Src/stm32l4xx_hal_i2c_ex.c **** 
 248:Drivers/STM32L4xx_HAL_Driver/Src/stm32l4xx_hal_i2c_ex.c **** /**
 249:Drivers/STM32L4xx_HAL_Driver/Src/stm32l4xx_hal_i2c_ex.c ****   * @brief Enable the I2C fast mode plus driving capability.
 250:Drivers/STM32L4xx_HAL_Driver/Src/stm32l4xx_hal_i2c_ex.c ****   * @param ConfigFastModePlus Selects the pin.
 251:Drivers/STM32L4xx_HAL_Driver/Src/stm32l4xx_hal_i2c_ex.c ****   *   This parameter can be one of the @ref I2CEx_FastModePlus values
 252:Drivers/STM32L4xx_HAL_Driver/Src/stm32l4xx_hal_i2c_ex.c ****   * @note  For I2C1, fast mode plus driving capability can be enabled on all selected
 253:Drivers/STM32L4xx_HAL_Driver/Src/stm32l4xx_hal_i2c_ex.c ****   *        I2C1 pins using I2C_FASTMODEPLUS_I2C1 parameter or independently
 254:Drivers/STM32L4xx_HAL_Driver/Src/stm32l4xx_hal_i2c_ex.c ****   *        on each one of the following pins PB6, PB7, PB8 and PB9.
 255:Drivers/STM32L4xx_HAL_Driver/Src/stm32l4xx_hal_i2c_ex.c ****   * @note  For remaining I2C1 pins (PA14, PA15...) fast mode plus driving capability
 256:Drivers/STM32L4xx_HAL_Driver/Src/stm32l4xx_hal_i2c_ex.c ****   *        can be enabled only by using I2C_FASTMODEPLUS_I2C1 parameter.
 257:Drivers/STM32L4xx_HAL_Driver/Src/stm32l4xx_hal_i2c_ex.c ****   * @note  For all I2C2 pins fast mode plus driving capability can be enabled
 258:Drivers/STM32L4xx_HAL_Driver/Src/stm32l4xx_hal_i2c_ex.c ****   *        only by using I2C_FASTMODEPLUS_I2C2 parameter.
 259:Drivers/STM32L4xx_HAL_Driver/Src/stm32l4xx_hal_i2c_ex.c ****   * @note  For all I2C3 pins fast mode plus driving capability can be enabled
 260:Drivers/STM32L4xx_HAL_Driver/Src/stm32l4xx_hal_i2c_ex.c ****   *        only by using I2C_FASTMODEPLUS_I2C3 parameter.
 261:Drivers/STM32L4xx_HAL_Driver/Src/stm32l4xx_hal_i2c_ex.c ****   * @note  For all I2C4 pins fast mode plus driving capability can be enabled
 262:Drivers/STM32L4xx_HAL_Driver/Src/stm32l4xx_hal_i2c_ex.c ****   *        only by using I2C_FASTMODEPLUS_I2C4 parameter.
 263:Drivers/STM32L4xx_HAL_Driver/Src/stm32l4xx_hal_i2c_ex.c ****   * @retval None
 264:Drivers/STM32L4xx_HAL_Driver/Src/stm32l4xx_hal_i2c_ex.c ****   */
 265:Drivers/STM32L4xx_HAL_Driver/Src/stm32l4xx_hal_i2c_ex.c **** void HAL_I2CEx_EnableFastModePlus(uint32_t ConfigFastModePlus) {
 396              		.loc 1 265 64 is_stmt 1 view -0
 397              		.cfi_startproc
 398              		@ args = 0, pretend = 0, frame = 8
 399              		@ frame_needed = 0, uses_anonymous_args = 0
 400              		@ link register save eliminated.
 401              		.loc 1 265 64 is_stmt 0 view .LVU126
 402 0000 82B0     		sub	sp, sp, #8
 403              	.LCFI0:
 404              		.cfi_def_cfa_offset 8
 266:Drivers/STM32L4xx_HAL_Driver/Src/stm32l4xx_hal_i2c_ex.c ****     /* Check the parameter */
 267:Drivers/STM32L4xx_HAL_Driver/Src/stm32l4xx_hal_i2c_ex.c ****     assert_param(IS_I2C_FASTMODEPLUS(ConfigFastModePlus));
 405              		.loc 1 267 5 is_stmt 1 view .LVU127
 268:Drivers/STM32L4xx_HAL_Driver/Src/stm32l4xx_hal_i2c_ex.c **** 
 269:Drivers/STM32L4xx_HAL_Driver/Src/stm32l4xx_hal_i2c_ex.c ****     /* Enable SYSCFG clock */
 270:Drivers/STM32L4xx_HAL_Driver/Src/stm32l4xx_hal_i2c_ex.c ****     __HAL_RCC_SYSCFG_CLK_ENABLE();
 406              		.loc 1 270 5 view .LVU128
 407              	.LBB2:
 408              		.loc 1 270 5 view .LVU129
 409              		.loc 1 270 5 view .LVU130
 410 0002 084A     		ldr	r2, .L19
 411 0004 116E     		ldr	r1, [r2, #96]
 412 0006 41F00101 		orr	r1, r1, #1
 413 000a 1166     		str	r1, [r2, #96]
 414              		.loc 1 270 5 view .LVU131
 415 000c 126E     		ldr	r2, [r2, #96]
 416 000e 02F00102 		and	r2, r2, #1
 417 0012 0192     		str	r2, [sp, #4]
 418              		.loc 1 270 5 view .LVU132
 419 0014 019B     		ldr	r3, [sp, #4]
ARM GAS  C:\cygwin64\tmp\cc6dh4MN.s 			page 13


 420              	.LBE2:
 421              		.loc 1 270 5 view .LVU133
 271:Drivers/STM32L4xx_HAL_Driver/Src/stm32l4xx_hal_i2c_ex.c **** 
 272:Drivers/STM32L4xx_HAL_Driver/Src/stm32l4xx_hal_i2c_ex.c ****     /* Enable fast mode plus driving capability for selected pin */
 273:Drivers/STM32L4xx_HAL_Driver/Src/stm32l4xx_hal_i2c_ex.c ****     SET_BIT(SYSCFG->CFGR1, (uint32_t)ConfigFastModePlus);
 422              		.loc 1 273 5 view .LVU134
 423 0016 044A     		ldr	r2, .L19+4
 424 0018 5368     		ldr	r3, [r2, #4]
 425 001a 0343     		orrs	r3, r3, r0
 426 001c 5360     		str	r3, [r2, #4]
 274:Drivers/STM32L4xx_HAL_Driver/Src/stm32l4xx_hal_i2c_ex.c **** }
 427              		.loc 1 274 1 is_stmt 0 view .LVU135
 428 001e 02B0     		add	sp, sp, #8
 429              	.LCFI1:
 430              		.cfi_def_cfa_offset 0
 431              		@ sp needed
 432 0020 7047     		bx	lr
 433              	.L20:
 434 0022 00BF     		.align	2
 435              	.L19:
 436 0024 00100240 		.word	1073876992
 437 0028 00000140 		.word	1073807360
 438              		.cfi_endproc
 439              	.LFE136:
 441              		.section	.text.HAL_I2CEx_DisableFastModePlus,"ax",%progbits
 442              		.align	1
 443              		.global	HAL_I2CEx_DisableFastModePlus
 444              		.syntax unified
 445              		.thumb
 446              		.thumb_func
 447              		.fpu fpv4-sp-d16
 449              	HAL_I2CEx_DisableFastModePlus:
 450              	.LVL29:
 451              	.LFB137:
 275:Drivers/STM32L4xx_HAL_Driver/Src/stm32l4xx_hal_i2c_ex.c **** 
 276:Drivers/STM32L4xx_HAL_Driver/Src/stm32l4xx_hal_i2c_ex.c **** /**
 277:Drivers/STM32L4xx_HAL_Driver/Src/stm32l4xx_hal_i2c_ex.c ****   * @brief Disable the I2C fast mode plus driving capability.
 278:Drivers/STM32L4xx_HAL_Driver/Src/stm32l4xx_hal_i2c_ex.c ****   * @param ConfigFastModePlus Selects the pin.
 279:Drivers/STM32L4xx_HAL_Driver/Src/stm32l4xx_hal_i2c_ex.c ****   *   This parameter can be one of the @ref I2CEx_FastModePlus values
 280:Drivers/STM32L4xx_HAL_Driver/Src/stm32l4xx_hal_i2c_ex.c ****   * @note  For I2C1, fast mode plus driving capability can be disabled on all selected
 281:Drivers/STM32L4xx_HAL_Driver/Src/stm32l4xx_hal_i2c_ex.c ****   *        I2C1 pins using I2C_FASTMODEPLUS_I2C1 parameter or independently
 282:Drivers/STM32L4xx_HAL_Driver/Src/stm32l4xx_hal_i2c_ex.c ****   *        on each one of the following pins PB6, PB7, PB8 and PB9.
 283:Drivers/STM32L4xx_HAL_Driver/Src/stm32l4xx_hal_i2c_ex.c ****   * @note  For remaining I2C1 pins (PA14, PA15...) fast mode plus driving capability
 284:Drivers/STM32L4xx_HAL_Driver/Src/stm32l4xx_hal_i2c_ex.c ****   *        can be disabled only by using I2C_FASTMODEPLUS_I2C1 parameter.
 285:Drivers/STM32L4xx_HAL_Driver/Src/stm32l4xx_hal_i2c_ex.c ****   * @note  For all I2C2 pins fast mode plus driving capability can be disabled
 286:Drivers/STM32L4xx_HAL_Driver/Src/stm32l4xx_hal_i2c_ex.c ****   *        only by using I2C_FASTMODEPLUS_I2C2 parameter.
 287:Drivers/STM32L4xx_HAL_Driver/Src/stm32l4xx_hal_i2c_ex.c ****   * @note  For all I2C3 pins fast mode plus driving capability can be disabled
 288:Drivers/STM32L4xx_HAL_Driver/Src/stm32l4xx_hal_i2c_ex.c ****   *        only by using I2C_FASTMODEPLUS_I2C3 parameter.
 289:Drivers/STM32L4xx_HAL_Driver/Src/stm32l4xx_hal_i2c_ex.c ****   * @note  For all I2C4 pins fast mode plus driving capability can be disabled
 290:Drivers/STM32L4xx_HAL_Driver/Src/stm32l4xx_hal_i2c_ex.c ****   *        only by using I2C_FASTMODEPLUS_I2C4 parameter.
 291:Drivers/STM32L4xx_HAL_Driver/Src/stm32l4xx_hal_i2c_ex.c ****   * @retval None
 292:Drivers/STM32L4xx_HAL_Driver/Src/stm32l4xx_hal_i2c_ex.c ****   */
 293:Drivers/STM32L4xx_HAL_Driver/Src/stm32l4xx_hal_i2c_ex.c **** void HAL_I2CEx_DisableFastModePlus(uint32_t ConfigFastModePlus) {
 452              		.loc 1 293 65 is_stmt 1 view -0
 453              		.cfi_startproc
 454              		@ args = 0, pretend = 0, frame = 8
 455              		@ frame_needed = 0, uses_anonymous_args = 0
ARM GAS  C:\cygwin64\tmp\cc6dh4MN.s 			page 14


 456              		@ link register save eliminated.
 457              		.loc 1 293 65 is_stmt 0 view .LVU137
 458 0000 82B0     		sub	sp, sp, #8
 459              	.LCFI2:
 460              		.cfi_def_cfa_offset 8
 294:Drivers/STM32L4xx_HAL_Driver/Src/stm32l4xx_hal_i2c_ex.c ****     /* Check the parameter */
 295:Drivers/STM32L4xx_HAL_Driver/Src/stm32l4xx_hal_i2c_ex.c ****     assert_param(IS_I2C_FASTMODEPLUS(ConfigFastModePlus));
 461              		.loc 1 295 5 is_stmt 1 view .LVU138
 296:Drivers/STM32L4xx_HAL_Driver/Src/stm32l4xx_hal_i2c_ex.c **** 
 297:Drivers/STM32L4xx_HAL_Driver/Src/stm32l4xx_hal_i2c_ex.c ****     /* Enable SYSCFG clock */
 298:Drivers/STM32L4xx_HAL_Driver/Src/stm32l4xx_hal_i2c_ex.c ****     __HAL_RCC_SYSCFG_CLK_ENABLE();
 462              		.loc 1 298 5 view .LVU139
 463              	.LBB3:
 464              		.loc 1 298 5 view .LVU140
 465              		.loc 1 298 5 view .LVU141
 466 0002 084A     		ldr	r2, .L23
 467 0004 116E     		ldr	r1, [r2, #96]
 468 0006 41F00101 		orr	r1, r1, #1
 469 000a 1166     		str	r1, [r2, #96]
 470              		.loc 1 298 5 view .LVU142
 471 000c 126E     		ldr	r2, [r2, #96]
 472 000e 02F00102 		and	r2, r2, #1
 473 0012 0192     		str	r2, [sp, #4]
 474              		.loc 1 298 5 view .LVU143
 475 0014 019B     		ldr	r3, [sp, #4]
 476              	.LBE3:
 477              		.loc 1 298 5 view .LVU144
 299:Drivers/STM32L4xx_HAL_Driver/Src/stm32l4xx_hal_i2c_ex.c **** 
 300:Drivers/STM32L4xx_HAL_Driver/Src/stm32l4xx_hal_i2c_ex.c ****     /* Disable fast mode plus driving capability for selected pin */
 301:Drivers/STM32L4xx_HAL_Driver/Src/stm32l4xx_hal_i2c_ex.c ****     CLEAR_BIT(SYSCFG->CFGR1, (uint32_t)ConfigFastModePlus);
 478              		.loc 1 301 5 view .LVU145
 479 0016 044A     		ldr	r2, .L23+4
 480 0018 5368     		ldr	r3, [r2, #4]
 481 001a 23EA0003 		bic	r3, r3, r0
 482 001e 5360     		str	r3, [r2, #4]
 302:Drivers/STM32L4xx_HAL_Driver/Src/stm32l4xx_hal_i2c_ex.c **** }
 483              		.loc 1 302 1 is_stmt 0 view .LVU146
 484 0020 02B0     		add	sp, sp, #8
 485              	.LCFI3:
 486              		.cfi_def_cfa_offset 0
 487              		@ sp needed
 488 0022 7047     		bx	lr
 489              	.L24:
 490              		.align	2
 491              	.L23:
 492 0024 00100240 		.word	1073876992
 493 0028 00000140 		.word	1073807360
 494              		.cfi_endproc
 495              	.LFE137:
 497              		.text
 498              	.Letext0:
 499              		.file 2 "c:\\gnu_tools_arm_embedded\\9_2019_q4\\arm-none-eabi\\include\\machine\\_default_types.h"
 500              		.file 3 "c:\\gnu_tools_arm_embedded\\9_2019_q4\\arm-none-eabi\\include\\sys\\_stdint.h"
 501              		.file 4 "Drivers/CMSIS/Include/core_cm4.h"
 502              		.file 5 "Drivers/CMSIS/Device/ST/STM32L4xx/Include/system_stm32l4xx.h"
 503              		.file 6 "Drivers/CMSIS/Device/ST/STM32L4xx/Include/stm32l432xx.h"
 504              		.file 7 "Drivers/STM32L4xx_HAL_Driver/Inc/stm32l4xx_hal_def.h"
ARM GAS  C:\cygwin64\tmp\cc6dh4MN.s 			page 15


 505              		.file 8 "Drivers/STM32L4xx_HAL_Driver/Inc/stm32l4xx_hal_dma.h"
 506              		.file 9 "Drivers/STM32L4xx_HAL_Driver/Inc/stm32l4xx_hal_flash.h"
 507              		.file 10 "Drivers/STM32L4xx_HAL_Driver/Inc/stm32l4xx_hal_i2c.h"
 508              		.file 11 "Drivers/STM32L4xx_HAL_Driver/Inc/stm32l4xx_hal.h"
ARM GAS  C:\cygwin64\tmp\cc6dh4MN.s 			page 16


DEFINED SYMBOLS
                            *ABS*:00000000 stm32l4xx_hal_i2c_ex.c
C:\cygwin64\tmp\cc6dh4MN.s:18     .text.HAL_I2CEx_ConfigAnalogFilter:00000000 $t
C:\cygwin64\tmp\cc6dh4MN.s:26     .text.HAL_I2CEx_ConfigAnalogFilter:00000000 HAL_I2CEx_ConfigAnalogFilter
C:\cygwin64\tmp\cc6dh4MN.s:116    .text.HAL_I2CEx_ConfigDigitalFilter:00000000 $t
C:\cygwin64\tmp\cc6dh4MN.s:123    .text.HAL_I2CEx_ConfigDigitalFilter:00000000 HAL_I2CEx_ConfigDigitalFilter
C:\cygwin64\tmp\cc6dh4MN.s:214    .text.HAL_I2CEx_EnableWakeUp:00000000 $t
C:\cygwin64\tmp\cc6dh4MN.s:221    .text.HAL_I2CEx_EnableWakeUp:00000000 HAL_I2CEx_EnableWakeUp
C:\cygwin64\tmp\cc6dh4MN.s:300    .text.HAL_I2CEx_DisableWakeUp:00000000 $t
C:\cygwin64\tmp\cc6dh4MN.s:307    .text.HAL_I2CEx_DisableWakeUp:00000000 HAL_I2CEx_DisableWakeUp
C:\cygwin64\tmp\cc6dh4MN.s:386    .text.HAL_I2CEx_EnableFastModePlus:00000000 $t
C:\cygwin64\tmp\cc6dh4MN.s:393    .text.HAL_I2CEx_EnableFastModePlus:00000000 HAL_I2CEx_EnableFastModePlus
C:\cygwin64\tmp\cc6dh4MN.s:436    .text.HAL_I2CEx_EnableFastModePlus:00000024 $d
C:\cygwin64\tmp\cc6dh4MN.s:442    .text.HAL_I2CEx_DisableFastModePlus:00000000 $t
C:\cygwin64\tmp\cc6dh4MN.s:449    .text.HAL_I2CEx_DisableFastModePlus:00000000 HAL_I2CEx_DisableFastModePlus
C:\cygwin64\tmp\cc6dh4MN.s:492    .text.HAL_I2CEx_DisableFastModePlus:00000024 $d

NO UNDEFINED SYMBOLS
