15_44_34.766885, 22.84, 1003.70, 29.25, 0
15_44_34.856894, 22.84, 1003.70, 29.25, 0
15_44_35.043912, 22.84, 1003.70, 29.25, 0
15_44_35.233931, 22.84, 1003.70, 29.26, 0
15_44_35.419950, 22.84, 1003.70, 29.25, 0
15_44_35.811989, 22.84, 1003.70, 29.25, 0
15_44_35.980006, 22.84, 1003.70, 29.26, 0
15_44_36.167025, 22.84, 1003.70, 29.26, 0
15_44_36.355043, 22.84, 1003.70, 29.26, 0
15_44_36.541062, 22.84, 1003.70, 29.26, 0
15_44_36.728081, 22.84, 1003.70, 29.26, 0
15_44_36.917100, 22.84, 1003.70, 29.27, 0
15_44_37.102118, 22.84, 1003.70, 29.26, 0
15_44_37.290137, 22.84, 1003.70, 29.26, 0
15_44_37.479156, 22.84, 1003.70, 29.27, 0
15_44_37.664174, 22.84, 1003.70, 29.25, 0
15_44_37.851193, 22.84, 1003.70, 29.26, 0
15_44_38.039212, 22.84, 1003.70, 29.27, 0
15_44_38.228231, 22.84, 1003.70, 29.26, 0
15_44_38.413249, 22.84, 1003.70, 29.26, 0
15_44_38.600268, 22.84, 1003.72, 29.26, 0
15_44_38.788287, 22.84, 1003.70, 29.27, 0
15_44_38.974305, 22.84, 1003.68, 29.27, 0
15_44_39.164324, 22.84, 1003.68, 29.26, 0
15_44_39.351343, 22.84, 1003.68, 29.26, 0
15_44_39.536361, 22.84, 1003.68, 29.27, 0
15_44_39.768385, 22.84, 1003.70, 29.27, 0
15_44_39.912399, 22.84, 1003.68, 29.28, 0
15_44_40.099418, 22.84, 1003.70, 29.27, 0
15_44_40.287437, 22.84, 1003.68, 29.27, 0
15_44_40.909499, 22.84, 1003.70, 29.27, 0
15_44_41.096517, 22.84, 1003.70, 29.27, 0
15_44_41.285536, 22.84, 1003.72, 29.27, 0
15_44_41.472555, 22.84, 1003.72, 29.27, 0
15_44_41.657574, 22.84, 1003.72, 29.27, 0
15_44_41.846592, 22.84, 1003.72, 29.27, 0
15_44_42.034611, 22.84, 1003.72, 29.26, 0
15_44_42.246632, 22.84, 1003.72, 29.27, 0
